{"/Users/lorena/Documents/others/exercises/rest-api-store/src/index.ts": {"path":"/Users/lorena/Documents/others/exercises/rest-api-store/src/index.ts","statementMap":{"0":{"start":{"line":1,"column":0},"end":{"line":1,"column":32}},"1":{"start":{"line":3,"column":0},"end":{"line":3,"column":null}}},"fnMap":{},"branchMap":{},"s":{"0":0,"1":0},"f":{},"b":{}}
,"/Users/lorena/Documents/others/exercises/rest-api-store/src/server.ts": {"path":"/Users/lorena/Documents/others/exercises/rest-api-store/src/server.ts","statementMap":{"0":{"start":{"line":1,"column":0},"end":{"line":1,"column":29}},"1":{"start":{"line":2,"column":0},"end":{"line":2,"column":27}},"2":{"start":{"line":3,"column":0},"end":{"line":3,"column":63}},"3":{"start":{"line":4,"column":0},"end":{"line":4,"column":72}},"4":{"start":{"line":5,"column":0},"end":{"line":5,"column":49}},"5":{"start":{"line":6,"column":0},"end":{"line":6,"column":53}},"6":{"start":{"line":7,"column":0},"end":{"line":7,"column":45}},"7":{"start":{"line":8,"column":0},"end":{"line":8,"column":38}},"8":{"start":{"line":10,"column":12},"end":{"line":10,"column":21}},"9":{"start":{"line":11,"column":0},"end":{"line":11,"column":null}},"10":{"start":{"line":13,"column":0},"end":{"line":13,"column":null}},"11":{"start":{"line":14,"column":0},"end":{"line":14,"column":null}},"12":{"start":{"line":16,"column":0},"end":{"line":16,"column":null}},"13":{"start":{"line":17,"column":0},"end":{"line":17,"column":null}},"14":{"start":{"line":19,"column":0},"end":{"line":19,"column":null}},"15":{"start":{"line":21,"column":0},"end":{"line":21,"column":null}},"16":{"start":{"line":23,"column":0},"end":{"line":23,"column":null}},"17":{"start":{"line":25,"column":0},"end":{"line":25,"column":null}},"18":{"start":{"line":26,"column":0},"end":{"line":26,"column":null}},"19":{"start":{"line":27,"column":0},"end":{"line":27,"column":null}},"20":{"start":{"line":29,"column":21},"end":{"line":37,"column":1}},"21":{"start":{"line":30,"column":2},"end":{"line":36,"column":null}},"22":{"start":{"line":31,"column":4},"end":{"line":33,"column":null}},"23":{"start":{"line":32,"column":6},"end":{"line":32,"column":null}},"24":{"start":{"line":35,"column":4},"end":{"line":35,"column":null}},"25":{"start":{"line":29,"column":13},"end":{"line":29,"column":21}}},"fnMap":{"0":{"name":"(anonymous_1)","decl":{"start":{"line":29,"column":21},"end":{"line":29,"column":30}},"loc":{"start":{"line":29,"column":32},"end":{"line":37,"column":1}}},"1":{"name":"(anonymous_2)","decl":{"start":{"line":31,"column":32},"end":{"line":31,"column":35}},"loc":{"start":{"line":31,"column":37},"end":{"line":33,"column":5}}}},"branchMap":{"0":{"loc":{"start":{"line":11,"column":16},"end":{"line":11,"column":32}},"type":"binary-expr","locations":[{"start":{"line":11,"column":16},"end":{"line":11,"column":32}},{"start":{"line":11,"column":36},"end":{"line":11,"column":40}}]}},"s":{"0":0,"1":0,"2":0,"3":0,"4":0,"5":0,"6":0,"7":0,"8":0,"9":0,"10":0,"11":0,"12":0,"13":0,"14":0,"15":0,"16":0,"17":0,"18":0,"19":0,"20":0,"21":0,"22":0,"23":0,"24":0,"25":0},"f":{"0":0,"1":0},"b":{"0":[0,0]}}
,"/Users/lorena/Documents/others/exercises/rest-api-store/src/config/db.config.ts": {"path":"/Users/lorena/Documents/others/exercises/rest-api-store/src/config/db.config.ts","statementMap":{"0":{"start":{"line":1,"column":0},"end":{"line":1,"column":29}},"1":{"start":{"line":2,"column":0},"end":{"line":2,"column":25}},"2":{"start":{"line":4,"column":12},"end":{"line":4,"column":21}},"3":{"start":{"line":6,"column":13},"end":{"line":12,"column":null}}},"fnMap":{},"branchMap":{},"s":{"0":0,"1":0,"2":0,"3":0},"f":{},"b":{}}
,"/Users/lorena/Documents/others/exercises/rest-api-store/src/config/dev.ts": {"path":"/Users/lorena/Documents/others/exercises/rest-api-store/src/config/dev.ts","statementMap":{"0":{"start":{"line":1,"column":13},"end":{"line":7,"column":null}}},"fnMap":{},"branchMap":{},"s":{"0":0},"f":{},"b":{}}
,"/Users/lorena/Documents/others/exercises/rest-api-store/src/controllers/orders.controller.ts": {"path":"/Users/lorena/Documents/others/exercises/rest-api-store/src/controllers/orders.controller.ts","statementMap":{"0":{"start":{"line":2,"column":0},"end":{"line":2,"column":null}},"1":{"start":{"line":11,"column":27},"end":{"line":41,"column":1}},"2":{"start":{"line":12,"column":2},"end":{"line":40,"column":null}},"3":{"start":{"line":15,"column":6},"end":{"line":17,"column":null}},"4":{"start":{"line":16,"column":8},"end":{"line":16,"column":null}},"5":{"start":{"line":18,"column":6},"end":{"line":38,"column":null}},"6":{"start":{"line":22,"column":10},"end":{"line":24,"column":null}},"7":{"start":{"line":23,"column":12},"end":{"line":23,"column":null}},"8":{"start":{"line":25,"column":10},"end":{"line":36,"column":null}},"9":{"start":{"line":29,"column":14},"end":{"line":31,"column":null}},"10":{"start":{"line":30,"column":16},"end":{"line":30,"column":null}},"11":{"start":{"line":32,"column":14},"end":{"line":34,"column":null}},"12":{"start":{"line":11,"column":13},"end":{"line":11,"column":27}},"13":{"start":{"line":43,"column":25},"end":{"line":50,"column":1}},"14":{"start":{"line":44,"column":2},"end":{"line":49,"column":null}},"15":{"start":{"line":45,"column":4},"end":{"line":47,"column":null}},"16":{"start":{"line":46,"column":6},"end":{"line":46,"column":null}},"17":{"start":{"line":48,"column":4},"end":{"line":48,"column":null}},"18":{"start":{"line":43,"column":13},"end":{"line":43,"column":25}}},"fnMap":{"0":{"name":"(anonymous_0)","decl":{"start":{"line":11,"column":27},"end":{"line":11,"column":28}},"loc":{"start":{"line":11,"column":65},"end":{"line":41,"column":1}}},"1":{"name":"(anonymous_1)","decl":{"start":{"line":14,"column":4},"end":{"line":14,"column":5}},"loc":{"start":{"line":14,"column":52},"end":{"line":39,"column":5}}},"2":{"name":"(anonymous_2)","decl":{"start":{"line":21,"column":8},"end":{"line":21,"column":9}},"loc":{"start":{"line":21,"column":45},"end":{"line":37,"column":9}}},"3":{"name":"(anonymous_3)","decl":{"start":{"line":28,"column":12},"end":{"line":28,"column":13}},"loc":{"start":{"line":28,"column":62},"end":{"line":35,"column":13}}},"4":{"name":"(anonymous_4)","decl":{"start":{"line":43,"column":25},"end":{"line":43,"column":26}},"loc":{"start":{"line":43,"column":63},"end":{"line":50,"column":1}}},"5":{"name":"(anonymous_5)","decl":{"start":{"line":44,"column":22},"end":{"line":44,"column":23}},"loc":{"start":{"line":44,"column":70},"end":{"line":49,"column":3}}}},"branchMap":{"0":{"loc":{"start":{"line":15,"column":6},"end":{"line":17,"column":null}},"type":"if","locations":[{"start":{"line":15,"column":6},"end":{"line":17,"column":null}},{"start":{"line":15,"column":6},"end":{"line":17,"column":null}}]},"1":{"loc":{"start":{"line":22,"column":10},"end":{"line":24,"column":null}},"type":"if","locations":[{"start":{"line":22,"column":10},"end":{"line":24,"column":null}},{"start":{"line":22,"column":10},"end":{"line":24,"column":null}}]},"2":{"loc":{"start":{"line":29,"column":14},"end":{"line":31,"column":null}},"type":"if","locations":[{"start":{"line":29,"column":14},"end":{"line":31,"column":null}},{"start":{"line":29,"column":14},"end":{"line":31,"column":null}}]},"3":{"loc":{"start":{"line":45,"column":4},"end":{"line":47,"column":null}},"type":"if","locations":[{"start":{"line":45,"column":4},"end":{"line":47,"column":null}},{"start":{"line":45,"column":4},"end":{"line":47,"column":null}}]}},"s":{"0":0,"1":0,"2":0,"3":0,"4":0,"5":0,"6":0,"7":0,"8":0,"9":0,"10":0,"11":0,"12":0,"13":0,"14":0,"15":0,"16":0,"17":0,"18":0},"f":{"0":0,"1":0,"2":0,"3":0,"4":0,"5":0},"b":{"0":[0,0],"1":[0,0],"2":[0,0],"3":[0,0]}}
,"/Users/lorena/Documents/others/exercises/rest-api-store/src/controllers/products.controller.ts": {"path":"/Users/lorena/Documents/others/exercises/rest-api-store/src/controllers/products.controller.ts","statementMap":{"0":{"start":{"line":4,"column":0},"end":{"line":4,"column":null}},"1":{"start":{"line":15,"column":27},"end":{"line":35,"column":null}},"2":{"start":{"line":18,"column":18},"end":{"line":35,"column":null}},"3":{"start":{"line":19,"column":28},"end":{"line":19,"column":36}},"4":{"start":{"line":20,"column":16},"end":{"line":20,"column":57}},"5":{"start":{"line":22,"column":2},"end":{"line":34,"column":null}},"6":{"start":{"line":23,"column":4},"end":{"line":25,"column":null}},"7":{"start":{"line":24,"column":6},"end":{"line":24,"column":null}},"8":{"start":{"line":26,"column":4},"end":{"line":33,"column":null}},"9":{"start":{"line":15,"column":13},"end":{"line":15,"column":27}},"10":{"start":{"line":37,"column":30},"end":{"line":45,"column":1}},"11":{"start":{"line":38,"column":13},"end":{"line":38,"column":36}},"12":{"start":{"line":39,"column":2},"end":{"line":44,"column":null}},"13":{"start":{"line":40,"column":4},"end":{"line":42,"column":null}},"14":{"start":{"line":41,"column":6},"end":{"line":41,"column":null}},"15":{"start":{"line":43,"column":4},"end":{"line":43,"column":null}},"16":{"start":{"line":37,"column":13},"end":{"line":37,"column":30}},"17":{"start":{"line":47,"column":37},"end":{"line":60,"column":1}},"18":{"start":{"line":48,"column":21},"end":{"line":48,"column":44}},"19":{"start":{"line":49,"column":2},"end":{"line":59,"column":null}},"20":{"start":{"line":52,"column":6},"end":{"line":56,"column":null}},"21":{"start":{"line":53,"column":8},"end":{"line":55,"column":null}},"22":{"start":{"line":57,"column":6},"end":{"line":57,"column":null}},"23":{"start":{"line":47,"column":13},"end":{"line":47,"column":37}},"24":{"start":{"line":62,"column":29},"end":{"line":69,"column":1}},"25":{"start":{"line":63,"column":2},"end":{"line":68,"column":null}},"26":{"start":{"line":64,"column":4},"end":{"line":66,"column":null}},"27":{"start":{"line":65,"column":6},"end":{"line":65,"column":null}},"28":{"start":{"line":67,"column":4},"end":{"line":67,"column":null}},"29":{"start":{"line":62,"column":13},"end":{"line":62,"column":29}},"30":{"start":{"line":71,"column":29},"end":{"line":78,"column":1}},"31":{"start":{"line":72,"column":2},"end":{"line":77,"column":null}},"32":{"start":{"line":73,"column":4},"end":{"line":75,"column":null}},"33":{"start":{"line":74,"column":6},"end":{"line":74,"column":null}},"34":{"start":{"line":76,"column":4},"end":{"line":76,"column":null}},"35":{"start":{"line":71,"column":13},"end":{"line":71,"column":29}},"36":{"start":{"line":80,"column":27},"end":{"line":89,"column":1}},"37":{"start":{"line":81,"column":2},"end":{"line":88,"column":null}},"38":{"start":{"line":82,"column":4},"end":{"line":86,"column":null}},"39":{"start":{"line":83,"column":6},"end":{"line":85,"column":null}},"40":{"start":{"line":87,"column":4},"end":{"line":87,"column":null}},"41":{"start":{"line":80,"column":13},"end":{"line":80,"column":27}},"42":{"start":{"line":91,"column":29},"end":{"line":98,"column":1}},"43":{"start":{"line":92,"column":2},"end":{"line":97,"column":null}},"44":{"start":{"line":93,"column":4},"end":{"line":95,"column":null}},"45":{"start":{"line":94,"column":6},"end":{"line":94,"column":null}},"46":{"start":{"line":96,"column":4},"end":{"line":96,"column":null}},"47":{"start":{"line":91,"column":13},"end":{"line":91,"column":29}}},"fnMap":{"0":{"name":"(anonymous_7)","decl":{"start":{"line":15,"column":27},"end":{"line":15,"column":null}},"loc":{"start":{"line":18,"column":18},"end":{"line":35,"column":null}}},"1":{"name":"(anonymous_8)","decl":{"start":{"line":18,"column":18},"end":{"line":18,"column":null}},"loc":{"start":{"line":18,"column":18},"end":{"line":35,"column":1}}},"2":{"name":"(anonymous_9)","decl":{"start":{"line":22,"column":30},"end":{"line":22,"column":31}},"loc":{"start":{"line":22,"column":72},"end":{"line":34,"column":3}}},"3":{"name":"(anonymous_10)","decl":{"start":{"line":37,"column":30},"end":{"line":37,"column":31}},"loc":{"start":{"line":37,"column":62},"end":{"line":45,"column":1}}},"4":{"name":"(anonymous_11)","decl":{"start":{"line":39,"column":26},"end":{"line":39,"column":27}},"loc":{"start":{"line":39,"column":68},"end":{"line":44,"column":3}}},"5":{"name":"(anonymous_12)","decl":{"start":{"line":47,"column":37},"end":{"line":47,"column":38}},"loc":{"start":{"line":47,"column":69},"end":{"line":60,"column":1}}},"6":{"name":"(anonymous_13)","decl":{"start":{"line":51,"column":4},"end":{"line":51,"column":5}},"loc":{"start":{"line":51,"column":46},"end":{"line":58,"column":5}}},"7":{"name":"(anonymous_14)","decl":{"start":{"line":62,"column":29},"end":{"line":62,"column":30}},"loc":{"start":{"line":62,"column":67},"end":{"line":69,"column":1}}},"8":{"name":"(anonymous_15)","decl":{"start":{"line":63,"column":26},"end":{"line":63,"column":27}},"loc":{"start":{"line":63,"column":68},"end":{"line":68,"column":3}}},"9":{"name":"(anonymous_16)","decl":{"start":{"line":71,"column":29},"end":{"line":71,"column":30}},"loc":{"start":{"line":71,"column":67},"end":{"line":78,"column":1}}},"10":{"name":"(anonymous_17)","decl":{"start":{"line":72,"column":26},"end":{"line":72,"column":27}},"loc":{"start":{"line":72,"column":74},"end":{"line":77,"column":3}}},"11":{"name":"(anonymous_18)","decl":{"start":{"line":80,"column":27},"end":{"line":80,"column":28}},"loc":{"start":{"line":80,"column":65},"end":{"line":89,"column":1}}},"12":{"name":"(anonymous_19)","decl":{"start":{"line":81,"column":24},"end":{"line":81,"column":25}},"loc":{"start":{"line":81,"column":66},"end":{"line":88,"column":3}}},"13":{"name":"(anonymous_20)","decl":{"start":{"line":91,"column":29},"end":{"line":91,"column":30}},"loc":{"start":{"line":91,"column":67},"end":{"line":98,"column":1}}},"14":{"name":"(anonymous_21)","decl":{"start":{"line":92,"column":26},"end":{"line":92,"column":27}},"loc":{"start":{"line":92,"column":68},"end":{"line":97,"column":3}}}},"branchMap":{"0":{"loc":{"start":{"line":23,"column":4},"end":{"line":25,"column":null}},"type":"if","locations":[{"start":{"line":23,"column":4},"end":{"line":25,"column":null}},{"start":{"line":23,"column":4},"end":{"line":25,"column":null}}]},"1":{"loc":{"start":{"line":29,"column":16},"end":{"line":29,"column":22}},"type":"cond-expr","locations":[{"start":{"line":29,"column":16},"end":{"line":29,"column":22}},{"start":{"line":29,"column":26},"end":{"line":29,"column":27}}]},"2":{"loc":{"start":{"line":29,"column":16},"end":{"line":29,"column":26}},"type":"binary-expr","locations":[{"start":{"line":29,"column":16},"end":{"line":29,"column":26}},{"start":{"line":29,"column":16},"end":{"line":29,"column":26}}]},"3":{"loc":{"start":{"line":30,"column":15},"end":{"line":30,"column":20}},"type":"cond-expr","locations":[{"start":{"line":30,"column":15},"end":{"line":30,"column":20}},{"start":{"line":30,"column":24},"end":{"line":30,"column":26}}]},"4":{"loc":{"start":{"line":30,"column":15},"end":{"line":30,"column":24}},"type":"binary-expr","locations":[{"start":{"line":30,"column":15},"end":{"line":30,"column":24}},{"start":{"line":30,"column":15},"end":{"line":30,"column":24}}]},"5":{"loc":{"start":{"line":40,"column":4},"end":{"line":42,"column":null}},"type":"if","locations":[{"start":{"line":40,"column":4},"end":{"line":42,"column":null}},{"start":{"line":40,"column":4},"end":{"line":42,"column":null}}]},"6":{"loc":{"start":{"line":52,"column":6},"end":{"line":56,"column":null}},"type":"if","locations":[{"start":{"line":52,"column":6},"end":{"line":56,"column":null}},{"start":{"line":52,"column":6},"end":{"line":56,"column":null}}]},"7":{"loc":{"start":{"line":64,"column":4},"end":{"line":66,"column":null}},"type":"if","locations":[{"start":{"line":64,"column":4},"end":{"line":66,"column":null}},{"start":{"line":64,"column":4},"end":{"line":66,"column":null}}]},"8":{"loc":{"start":{"line":73,"column":4},"end":{"line":75,"column":null}},"type":"if","locations":[{"start":{"line":73,"column":4},"end":{"line":75,"column":null}},{"start":{"line":73,"column":4},"end":{"line":75,"column":null}}]},"9":{"loc":{"start":{"line":82,"column":4},"end":{"line":86,"column":null}},"type":"if","locations":[{"start":{"line":82,"column":4},"end":{"line":86,"column":null}},{"start":{"line":82,"column":4},"end":{"line":86,"column":null}}]},"10":{"loc":{"start":{"line":93,"column":4},"end":{"line":95,"column":null}},"type":"if","locations":[{"start":{"line":93,"column":4},"end":{"line":95,"column":null}},{"start":{"line":93,"column":4},"end":{"line":95,"column":null}}]}},"s":{"0":0,"1":0,"2":0,"3":0,"4":0,"5":0,"6":0,"7":0,"8":0,"9":0,"10":0,"11":0,"12":0,"13":0,"14":0,"15":0,"16":0,"17":0,"18":0,"19":0,"20":0,"21":0,"22":0,"23":0,"24":0,"25":0,"26":0,"27":0,"28":0,"29":0,"30":0,"31":0,"32":0,"33":0,"34":0,"35":0,"36":0,"37":0,"38":0,"39":0,"40":0,"41":0,"42":0,"43":0,"44":0,"45":0,"46":0,"47":0},"f":{"0":0,"1":0,"2":0,"3":0,"4":0,"5":0,"6":0,"7":0,"8":0,"9":0,"10":0,"11":0,"12":0,"13":0,"14":0},"b":{"0":[0,0],"1":[0,0],"2":[0,0],"3":[0,0],"4":[0,0],"5":[0,0],"6":[0,0],"7":[0,0],"8":[0,0],"9":[0,0],"10":[0,0]}}
,"/Users/lorena/Documents/others/exercises/rest-api-store/src/controllers/user.controllers.ts": {"path":"/Users/lorena/Documents/others/exercises/rest-api-store/src/controllers/user.controllers.ts","statementMap":{"0":{"start":{"line":4,"column":0},"end":{"line":4,"column":null}},"1":{"start":{"line":11,"column":0},"end":{"line":11,"column":55}},"2":{"start":{"line":13,"column":22},"end":{"line":34,"column":null}},"3":{"start":{"line":13,"column":74},"end":{"line":34,"column":null}},"4":{"start":{"line":14,"column":2},"end":{"line":16,"column":null}},"5":{"start":{"line":15,"column":4},"end":{"line":15,"column":null}},"6":{"start":{"line":17,"column":2},"end":{"line":33,"column":null}},"7":{"start":{"line":18,"column":4},"end":{"line":20,"column":null}},"8":{"start":{"line":19,"column":6},"end":{"line":19,"column":null}},"9":{"start":{"line":21,"column":4},"end":{"line":32,"column":null}},"10":{"start":{"line":22,"column":20},"end":{"line":22,"column":36}},"11":{"start":{"line":23,"column":6},"end":{"line":28,"column":null}},"12":{"start":{"line":24,"column":8},"end":{"line":26,"column":null}},"13":{"start":{"line":25,"column":10},"end":{"line":25,"column":null}},"14":{"start":{"line":27,"column":8},"end":{"line":27,"column":null}},"15":{"start":{"line":30,"column":6},"end":{"line":30,"column":null}},"16":{"start":{"line":31,"column":6},"end":{"line":31,"column":null}},"17":{"start":{"line":13,"column":13},"end":{"line":13,"column":22}},"18":{"start":{"line":36,"column":22},"end":{"line":61,"column":null}},"19":{"start":{"line":36,"column":74},"end":{"line":61,"column":null}},"20":{"start":{"line":37,"column":2},"end":{"line":39,"column":null}},"21":{"start":{"line":38,"column":4},"end":{"line":38,"column":null}},"22":{"start":{"line":40,"column":2},"end":{"line":60,"column":null}},"23":{"start":{"line":40,"column":73},"end":{"line":60,"column":4}},"24":{"start":{"line":41,"column":4},"end":{"line":43,"column":null}},"25":{"start":{"line":42,"column":6},"end":{"line":42,"column":null}},"26":{"start":{"line":44,"column":4},"end":{"line":59,"column":null}},"27":{"start":{"line":45,"column":20},"end":{"line":45,"column":73}},"28":{"start":{"line":46,"column":6},"end":{"line":48,"column":null}},"29":{"start":{"line":47,"column":8},"end":{"line":47,"column":null}},"30":{"start":{"line":49,"column":20},"end":{"line":49,"column":37}},"31":{"start":{"line":50,"column":6},"end":{"line":55,"column":null}},"32":{"start":{"line":51,"column":8},"end":{"line":53,"column":null}},"33":{"start":{"line":52,"column":10},"end":{"line":52,"column":null}},"34":{"start":{"line":54,"column":8},"end":{"line":54,"column":null}},"35":{"start":{"line":57,"column":6},"end":{"line":57,"column":null}},"36":{"start":{"line":58,"column":6},"end":{"line":58,"column":null}},"37":{"start":{"line":36,"column":13},"end":{"line":36,"column":22}},"38":{"start":{"line":63,"column":23},"end":{"line":71,"column":null}},"39":{"start":{"line":63,"column":75},"end":{"line":71,"column":null}},"40":{"start":{"line":64,"column":16},"end":{"line":64,"column":61}},"41":{"start":{"line":65,"column":2},"end":{"line":70,"column":null}},"42":{"start":{"line":66,"column":4},"end":{"line":68,"column":null}},"43":{"start":{"line":67,"column":6},"end":{"line":67,"column":null}},"44":{"start":{"line":69,"column":4},"end":{"line":69,"column":null}},"45":{"start":{"line":63,"column":13},"end":{"line":63,"column":23}},"46":{"start":{"line":73,"column":30},"end":{"line":81,"column":1}},"47":{"start":{"line":74,"column":16},"end":{"line":74,"column":30}},"48":{"start":{"line":75,"column":2},"end":{"line":80,"column":null}},"49":{"start":{"line":76,"column":4},"end":{"line":78,"column":null}},"50":{"start":{"line":77,"column":6},"end":{"line":77,"column":null}},"51":{"start":{"line":79,"column":4},"end":{"line":79,"column":null}},"52":{"start":{"line":73,"column":13},"end":{"line":73,"column":30}},"53":{"start":{"line":83,"column":24},"end":{"line":90,"column":1}},"54":{"start":{"line":84,"column":2},"end":{"line":89,"column":null}},"55":{"start":{"line":85,"column":4},"end":{"line":87,"column":null}},"56":{"start":{"line":86,"column":6},"end":{"line":86,"column":null}},"57":{"start":{"line":88,"column":4},"end":{"line":88,"column":null}},"58":{"start":{"line":83,"column":13},"end":{"line":83,"column":24}}},"fnMap":{"0":{"name":"(anonymous_7)","decl":{"start":{"line":13,"column":22},"end":{"line":13,"column":29}},"loc":{"start":{"line":13,"column":74},"end":{"line":34,"column":null}}},"1":{"name":"(anonymous_8)","decl":{"start":{"line":13,"column":74},"end":{"line":13,"column":null}},"loc":{"start":{"line":13,"column":74},"end":{"line":34,"column":1}}},"2":{"name":"(anonymous_9)","decl":{"start":{"line":17,"column":29},"end":{"line":17,"column":30}},"loc":{"start":{"line":17,"column":72},"end":{"line":33,"column":3}}},"3":{"name":"(anonymous_10)","decl":{"start":{"line":23,"column":32},"end":{"line":23,"column":33}},"loc":{"start":{"line":23,"column":75},"end":{"line":28,"column":7}}},"4":{"name":"(anonymous_11)","decl":{"start":{"line":36,"column":22},"end":{"line":36,"column":29}},"loc":{"start":{"line":36,"column":74},"end":{"line":61,"column":null}}},"5":{"name":"(anonymous_12)","decl":{"start":{"line":36,"column":74},"end":{"line":36,"column":null}},"loc":{"start":{"line":36,"column":74},"end":{"line":61,"column":1}}},"6":{"name":"(anonymous_13)","decl":{"start":{"line":40,"column":38},"end":{"line":40,"column":45}},"loc":{"start":{"line":40,"column":73},"end":{"line":60,"column":4}}},"7":{"name":"(anonymous_14)","decl":{"start":{"line":40,"column":73},"end":{"line":40,"column":null}},"loc":{"start":{"line":40,"column":73},"end":{"line":60,"column":3}}},"8":{"name":"(anonymous_15)","decl":{"start":{"line":50,"column":32},"end":{"line":50,"column":33}},"loc":{"start":{"line":50,"column":75},"end":{"line":55,"column":7}}},"9":{"name":"(anonymous_16)","decl":{"start":{"line":63,"column":23},"end":{"line":63,"column":30}},"loc":{"start":{"line":63,"column":75},"end":{"line":71,"column":null}}},"10":{"name":"(anonymous_17)","decl":{"start":{"line":63,"column":75},"end":{"line":63,"column":null}},"loc":{"start":{"line":63,"column":75},"end":{"line":71,"column":1}}},"11":{"name":"(anonymous_18)","decl":{"start":{"line":65,"column":28},"end":{"line":65,"column":29}},"loc":{"start":{"line":65,"column":71},"end":{"line":70,"column":3}}},"12":{"name":"(anonymous_19)","decl":{"start":{"line":73,"column":30},"end":{"line":73,"column":31}},"loc":{"start":{"line":73,"column":62},"end":{"line":81,"column":1}}},"13":{"name":"(anonymous_20)","decl":{"start":{"line":75,"column":29},"end":{"line":75,"column":30}},"loc":{"start":{"line":75,"column":71},"end":{"line":80,"column":3}}},"14":{"name":"(anonymous_21)","decl":{"start":{"line":83,"column":24},"end":{"line":83,"column":25}},"loc":{"start":{"line":83,"column":62},"end":{"line":90,"column":1}}},"15":{"name":"(anonymous_22)","decl":{"start":{"line":84,"column":21},"end":{"line":84,"column":22}},"loc":{"start":{"line":84,"column":69},"end":{"line":89,"column":3}}}},"branchMap":{"0":{"loc":{"start":{"line":14,"column":2},"end":{"line":16,"column":null}},"type":"if","locations":[{"start":{"line":14,"column":2},"end":{"line":16,"column":null}},{"start":{"line":14,"column":2},"end":{"line":16,"column":null}}]},"1":{"loc":{"start":{"line":14,"column":6},"end":{"line":14,"column":21}},"type":"binary-expr","locations":[{"start":{"line":14,"column":6},"end":{"line":14,"column":21}},{"start":{"line":14,"column":25},"end":{"line":14,"column":43}}]},"2":{"loc":{"start":{"line":18,"column":4},"end":{"line":20,"column":null}},"type":"if","locations":[{"start":{"line":18,"column":4},"end":{"line":20,"column":null}},{"start":{"line":18,"column":4},"end":{"line":20,"column":null}}]},"3":{"loc":{"start":{"line":24,"column":8},"end":{"line":26,"column":null}},"type":"if","locations":[{"start":{"line":24,"column":8},"end":{"line":26,"column":null}},{"start":{"line":24,"column":8},"end":{"line":26,"column":null}}]},"4":{"loc":{"start":{"line":37,"column":2},"end":{"line":39,"column":null}},"type":"if","locations":[{"start":{"line":37,"column":2},"end":{"line":39,"column":null}},{"start":{"line":37,"column":2},"end":{"line":39,"column":null}}]},"5":{"loc":{"start":{"line":37,"column":6},"end":{"line":37,"column":21}},"type":"binary-expr","locations":[{"start":{"line":37,"column":6},"end":{"line":37,"column":21}},{"start":{"line":37,"column":25},"end":{"line":37,"column":43}}]},"6":{"loc":{"start":{"line":41,"column":4},"end":{"line":43,"column":null}},"type":"if","locations":[{"start":{"line":41,"column":4},"end":{"line":43,"column":null}},{"start":{"line":41,"column":4},"end":{"line":43,"column":null}}]},"7":{"loc":{"start":{"line":46,"column":6},"end":{"line":48,"column":null}},"type":"if","locations":[{"start":{"line":46,"column":6},"end":{"line":48,"column":null}},{"start":{"line":46,"column":6},"end":{"line":48,"column":null}}]},"8":{"loc":{"start":{"line":51,"column":8},"end":{"line":53,"column":null}},"type":"if","locations":[{"start":{"line":51,"column":8},"end":{"line":53,"column":null}},{"start":{"line":51,"column":8},"end":{"line":53,"column":null}}]},"9":{"loc":{"start":{"line":66,"column":4},"end":{"line":68,"column":null}},"type":"if","locations":[{"start":{"line":66,"column":4},"end":{"line":68,"column":null}},{"start":{"line":66,"column":4},"end":{"line":68,"column":null}}]},"10":{"loc":{"start":{"line":76,"column":4},"end":{"line":78,"column":null}},"type":"if","locations":[{"start":{"line":76,"column":4},"end":{"line":78,"column":null}},{"start":{"line":76,"column":4},"end":{"line":78,"column":null}}]},"11":{"loc":{"start":{"line":85,"column":4},"end":{"line":87,"column":null}},"type":"if","locations":[{"start":{"line":85,"column":4},"end":{"line":87,"column":null}},{"start":{"line":85,"column":4},"end":{"line":87,"column":null}}]}},"s":{"0":0,"1":0,"2":0,"3":0,"4":0,"5":0,"6":0,"7":0,"8":0,"9":0,"10":0,"11":0,"12":0,"13":0,"14":0,"15":0,"16":0,"17":0,"18":0,"19":0,"20":0,"21":0,"22":0,"23":0,"24":0,"25":0,"26":0,"27":0,"28":0,"29":0,"30":0,"31":0,"32":0,"33":0,"34":0,"35":0,"36":0,"37":0,"38":0,"39":0,"40":0,"41":0,"42":0,"43":0,"44":0,"45":0,"46":0,"47":0,"48":0,"49":0,"50":0,"51":0,"52":0,"53":0,"54":0,"55":0,"56":0,"57":0,"58":0},"f":{"0":0,"1":0,"2":0,"3":0,"4":0,"5":0,"6":0,"7":0,"8":0,"9":0,"10":0,"11":0,"12":0,"13":0,"14":0,"15":0},"b":{"0":[0,0],"1":[0,0],"2":[0,0],"3":[0,0],"4":[0,0],"5":[0,0],"6":[0,0],"7":[0,0],"8":[0,0],"9":[0,0],"10":[0,0],"11":[0,0]}}
,"/Users/lorena/Documents/others/exercises/rest-api-store/src/models/orders.model.ts": {"path":"/Users/lorena/Documents/others/exercises/rest-api-store/src/models/orders.model.ts","statementMap":{"0":{"start":{"line":4,"column":0},"end":{"line":4,"column":42}},"1":{"start":{"line":6,"column":38},"end":{"line":28,"column":1}},"2":{"start":{"line":10,"column":25},"end":{"line":10,"column":27}},"3":{"start":{"line":11,"column":34},"end":{"line":11,"column":36}},"4":{"start":{"line":12,"column":2},"end":{"line":15,"column":null}},"5":{"start":{"line":13,"column":4},"end":{"line":13,"column":null}},"6":{"start":{"line":14,"column":4},"end":{"line":14,"column":null}},"7":{"start":{"line":17,"column":2},"end":{"line":27,"column":null}},"8":{"start":{"line":22,"column":6},"end":{"line":24,"column":null}},"9":{"start":{"line":23,"column":8},"end":{"line":23,"column":null}},"10":{"start":{"line":25,"column":6},"end":{"line":25,"column":null}},"11":{"start":{"line":6,"column":13},"end":{"line":6,"column":38}},"12":{"start":{"line":30,"column":50},"end":{"line":101,"column":1}},"13":{"start":{"line":34,"column":26},"end":{"line":34,"column":43}},"14":{"start":{"line":35,"column":34},"end":{"line":35,"column":36}},"15":{"start":{"line":36,"column":36},"end":{"line":36,"column":38}},"16":{"start":{"line":38,"column":2},"end":{"line":49,"column":null}},"17":{"start":{"line":39,"column":4},"end":{"line":46,"column":null}},"18":{"start":{"line":40,"column":6},"end":{"line":45,"column":null}},"19":{"start":{"line":47,"column":4},"end":{"line":47,"column":null}},"20":{"start":{"line":48,"column":4},"end":{"line":48,"column":null}},"21":{"start":{"line":51,"column":2},"end":{"line":100,"column":null}},"22":{"start":{"line":55,"column":6},"end":{"line":57,"column":null}},"23":{"start":{"line":56,"column":8},"end":{"line":56,"column":null}},"24":{"start":{"line":59,"column":25},"end":{"line":59,"column":27}},"25":{"start":{"line":60,"column":23},"end":{"line":60,"column":25}},"26":{"start":{"line":61,"column":18},"end":{"line":61,"column":19}},"27":{"start":{"line":63,"column":6},"end":{"line":81,"column":null}},"28":{"start":{"line":64,"column":8},"end":{"line":80,"column":null}},"29":{"start":{"line":65,"column":10},"end":{"line":65,"column":null}},"30":{"start":{"line":67,"column":10},"end":{"line":74,"column":null}},"31":{"start":{"line":68,"column":12},"end":{"line":73,"column":null}},"32":{"start":{"line":75,"column":10},"end":{"line":75,"column":null}},"33":{"start":{"line":76,"column":10},"end":{"line":79,"column":null}},"34":{"start":{"line":82,"column":6},"end":{"line":89,"column":null}},"35":{"start":{"line":83,"column":8},"end":{"line":88,"column":null}},"36":{"start":{"line":90,"column":6},"end":{"line":98,"column":null}},"37":{"start":{"line":93,"column":10},"end":{"line":95,"column":null}},"38":{"start":{"line":94,"column":12},"end":{"line":94,"column":null}},"39":{"start":{"line":96,"column":10},"end":{"line":96,"column":null}},"40":{"start":{"line":30,"column":13},"end":{"line":30,"column":50}},"41":{"start":{"line":103,"column":39},"end":{"line":126,"column":1}},"42":{"start":{"line":108,"column":15},"end":{"line":108,"column":17}},"43":{"start":{"line":109,"column":2},"end":{"line":114,"column":null}},"44":{"start":{"line":110,"column":4},"end":{"line":110,"column":null}},"45":{"start":{"line":111,"column":4},"end":{"line":113,"column":null}},"46":{"start":{"line":112,"column":6},"end":{"line":112,"column":null}},"47":{"start":{"line":115,"column":2},"end":{"line":125,"column":null}},"48":{"start":{"line":120,"column":6},"end":{"line":122,"column":null}},"49":{"start":{"line":121,"column":8},"end":{"line":121,"column":null}},"50":{"start":{"line":123,"column":6},"end":{"line":123,"column":null}},"51":{"start":{"line":103,"column":13},"end":{"line":103,"column":39}},"52":{"start":{"line":128,"column":32},"end":{"line":144,"column":1}},"53":{"start":{"line":133,"column":15},"end":{"line":133,"column":25}},"54":{"start":{"line":134,"column":2},"end":{"line":143,"column":null}},"55":{"start":{"line":138,"column":6},"end":{"line":140,"column":null}},"56":{"start":{"line":139,"column":8},"end":{"line":139,"column":null}},"57":{"start":{"line":141,"column":6},"end":{"line":141,"column":null}},"58":{"start":{"line":128,"column":13},"end":{"line":128,"column":32}},"59":{"start":{"line":146,"column":30},"end":{"line":172,"column":1}},"60":{"start":{"line":150,"column":13},"end":{"line":150,"column":24}},"61":{"start":{"line":151,"column":15},"end":{"line":151,"column":28}},"62":{"start":{"line":152,"column":2},"end":{"line":159,"column":null}},"63":{"start":{"line":153,"column":4},"end":{"line":158,"column":null}},"64":{"start":{"line":154,"column":6},"end":{"line":156,"column":null}},"65":{"start":{"line":155,"column":8},"end":{"line":155,"column":null}},"66":{"start":{"line":157,"column":6},"end":{"line":157,"column":null}},"67":{"start":{"line":160,"column":2},"end":{"line":171,"column":null}},"68":{"start":{"line":161,"column":4},"end":{"line":170,"column":null}},"69":{"start":{"line":165,"column":8},"end":{"line":167,"column":null}},"70":{"start":{"line":166,"column":10},"end":{"line":166,"column":null}},"71":{"start":{"line":168,"column":8},"end":{"line":168,"column":null}},"72":{"start":{"line":146,"column":13},"end":{"line":146,"column":30}},"73":{"start":{"line":174,"column":33},"end":{"line":186,"column":1}},"74":{"start":{"line":175,"column":13},"end":{"line":175,"column":34}},"75":{"start":{"line":176,"column":2},"end":{"line":185,"column":null}},"76":{"start":{"line":180,"column":6},"end":{"line":182,"column":null}},"77":{"start":{"line":181,"column":8},"end":{"line":181,"column":null}},"78":{"start":{"line":183,"column":6},"end":{"line":183,"column":null}},"79":{"start":{"line":174,"column":13},"end":{"line":174,"column":33}}},"fnMap":{"0":{"name":"(anonymous_0)","decl":{"start":{"line":6,"column":38},"end":{"line":6,"column":null}},"loc":{"start":{"line":9,"column":4},"end":{"line":28,"column":1}}},"1":{"name":"(anonymous_1)","decl":{"start":{"line":21,"column":4},"end":{"line":21,"column":5}},"loc":{"start":{"line":21,"column":23},"end":{"line":26,"column":5}}},"2":{"name":"(anonymous_2)","decl":{"start":{"line":30,"column":50},"end":{"line":30,"column":null}},"loc":{"start":{"line":33,"column":4},"end":{"line":101,"column":1}}},"3":{"name":"(anonymous_3)","decl":{"start":{"line":54,"column":4},"end":{"line":54,"column":5}},"loc":{"start":{"line":54,"column":23},"end":{"line":99,"column":5}}},"4":{"name":"(anonymous_4)","decl":{"start":{"line":92,"column":8},"end":{"line":92,"column":9}},"loc":{"start":{"line":92,"column":50},"end":{"line":97,"column":9}}},"5":{"name":"(anonymous_5)","decl":{"start":{"line":103,"column":39},"end":{"line":103,"column":null}},"loc":{"start":{"line":107,"column":4},"end":{"line":126,"column":1}}},"6":{"name":"(anonymous_6)","decl":{"start":{"line":119,"column":4},"end":{"line":119,"column":5}},"loc":{"start":{"line":119,"column":23},"end":{"line":124,"column":5}}},"7":{"name":"(anonymous_7)","decl":{"start":{"line":128,"column":32},"end":{"line":128,"column":null}},"loc":{"start":{"line":132,"column":4},"end":{"line":144,"column":1}}},"8":{"name":"(anonymous_8)","decl":{"start":{"line":137,"column":4},"end":{"line":137,"column":5}},"loc":{"start":{"line":137,"column":23},"end":{"line":142,"column":5}}},"9":{"name":"(anonymous_9)","decl":{"start":{"line":146,"column":30},"end":{"line":146,"column":null}},"loc":{"start":{"line":149,"column":4},"end":{"line":172,"column":1}}},"10":{"name":"(anonymous_10)","decl":{"start":{"line":153,"column":43},"end":{"line":153,"column":44}},"loc":{"start":{"line":153,"column":62},"end":{"line":158,"column":5}}},"11":{"name":"(anonymous_11)","decl":{"start":{"line":164,"column":6},"end":{"line":164,"column":7}},"loc":{"start":{"line":164,"column":25},"end":{"line":169,"column":7}}},"12":{"name":"(anonymous_12)","decl":{"start":{"line":174,"column":33},"end":{"line":174,"column":34}},"loc":{"start":{"line":174,"column":76},"end":{"line":186,"column":1}}},"13":{"name":"(anonymous_13)","decl":{"start":{"line":179,"column":4},"end":{"line":179,"column":5}},"loc":{"start":{"line":179,"column":23},"end":{"line":184,"column":5}}}},"branchMap":{"0":{"loc":{"start":{"line":22,"column":6},"end":{"line":24,"column":null}},"type":"if","locations":[{"start":{"line":22,"column":6},"end":{"line":24,"column":null}},{"start":{"line":22,"column":6},"end":{"line":24,"column":null}}]},"1":{"loc":{"start":{"line":39,"column":4},"end":{"line":46,"column":null}},"type":"if","locations":[{"start":{"line":39,"column":4},"end":{"line":46,"column":null}},{"start":{"line":39,"column":4},"end":{"line":46,"column":null}}]},"2":{"loc":{"start":{"line":55,"column":6},"end":{"line":57,"column":null}},"type":"if","locations":[{"start":{"line":55,"column":6},"end":{"line":57,"column":null}},{"start":{"line":55,"column":6},"end":{"line":57,"column":null}}]},"3":{"loc":{"start":{"line":64,"column":8},"end":{"line":80,"column":null}},"type":"if","locations":[{"start":{"line":64,"column":8},"end":{"line":80,"column":null}},{"start":{"line":64,"column":8},"end":{"line":80,"column":null}}]},"4":{"loc":{"start":{"line":67,"column":10},"end":{"line":74,"column":null}},"type":"if","locations":[{"start":{"line":67,"column":10},"end":{"line":74,"column":null}},{"start":{"line":67,"column":10},"end":{"line":74,"column":null}}]},"5":{"loc":{"start":{"line":82,"column":6},"end":{"line":89,"column":null}},"type":"if","locations":[{"start":{"line":82,"column":6},"end":{"line":89,"column":null}},{"start":{"line":82,"column":6},"end":{"line":89,"column":null}}]},"6":{"loc":{"start":{"line":93,"column":10},"end":{"line":95,"column":null}},"type":"if","locations":[{"start":{"line":93,"column":10},"end":{"line":95,"column":null}},{"start":{"line":93,"column":10},"end":{"line":95,"column":null}}]},"7":{"loc":{"start":{"line":111,"column":4},"end":{"line":113,"column":null}},"type":"if","locations":[{"start":{"line":111,"column":4},"end":{"line":113,"column":null}},{"start":{"line":111,"column":4},"end":{"line":113,"column":null}}]},"8":{"loc":{"start":{"line":120,"column":6},"end":{"line":122,"column":null}},"type":"if","locations":[{"start":{"line":120,"column":6},"end":{"line":122,"column":null}},{"start":{"line":120,"column":6},"end":{"line":122,"column":null}}]},"9":{"loc":{"start":{"line":138,"column":6},"end":{"line":140,"column":null}},"type":"if","locations":[{"start":{"line":138,"column":6},"end":{"line":140,"column":null}},{"start":{"line":138,"column":6},"end":{"line":140,"column":null}}]},"10":{"loc":{"start":{"line":152,"column":2},"end":{"line":159,"column":null}},"type":"if","locations":[{"start":{"line":152,"column":2},"end":{"line":159,"column":null}},{"start":{"line":152,"column":2},"end":{"line":159,"column":null}}]},"11":{"loc":{"start":{"line":154,"column":6},"end":{"line":156,"column":null}},"type":"if","locations":[{"start":{"line":154,"column":6},"end":{"line":156,"column":null}},{"start":{"line":154,"column":6},"end":{"line":156,"column":null}}]},"12":{"loc":{"start":{"line":160,"column":2},"end":{"line":171,"column":null}},"type":"if","locations":[{"start":{"line":160,"column":2},"end":{"line":171,"column":null}},{"start":{"line":160,"column":2},"end":{"line":171,"column":null}}]},"13":{"loc":{"start":{"line":165,"column":8},"end":{"line":167,"column":null}},"type":"if","locations":[{"start":{"line":165,"column":8},"end":{"line":167,"column":null}},{"start":{"line":165,"column":8},"end":{"line":167,"column":null}}]},"14":{"loc":{"start":{"line":180,"column":6},"end":{"line":182,"column":null}},"type":"if","locations":[{"start":{"line":180,"column":6},"end":{"line":182,"column":null}},{"start":{"line":180,"column":6},"end":{"line":182,"column":null}}]}},"s":{"0":0,"1":0,"2":0,"3":0,"4":0,"5":0,"6":0,"7":0,"8":0,"9":0,"10":0,"11":0,"12":0,"13":0,"14":0,"15":0,"16":0,"17":0,"18":0,"19":0,"20":0,"21":0,"22":0,"23":0,"24":0,"25":0,"26":0,"27":0,"28":0,"29":0,"30":0,"31":0,"32":0,"33":0,"34":0,"35":0,"36":0,"37":0,"38":0,"39":0,"40":0,"41":0,"42":0,"43":0,"44":0,"45":0,"46":0,"47":0,"48":0,"49":0,"50":0,"51":0,"52":0,"53":0,"54":0,"55":0,"56":0,"57":0,"58":0,"59":0,"60":0,"61":0,"62":0,"63":0,"64":0,"65":0,"66":0,"67":0,"68":0,"69":0,"70":0,"71":0,"72":0,"73":0,"74":0,"75":0,"76":0,"77":0,"78":0,"79":0},"f":{"0":0,"1":0,"2":0,"3":0,"4":0,"5":0,"6":0,"7":0,"8":0,"9":0,"10":0,"11":0,"12":0,"13":0},"b":{"0":[0,0],"1":[0,0],"2":[0,0],"3":[0,0],"4":[0,0],"5":[0,0],"6":[0,0],"7":[0,0],"8":[0,0],"9":[0,0],"10":[0,0],"11":[0,0],"12":[0,0],"13":[0,0],"14":[0,0]}}
,"/Users/lorena/Documents/others/exercises/rest-api-store/src/models/products.model.ts": {"path":"/Users/lorena/Documents/others/exercises/rest-api-store/src/models/products.model.ts","statementMap":{"0":{"start":{"line":4,"column":0},"end":{"line":4,"column":42}},"1":{"start":{"line":6,"column":49},"end":{"line":11,"column":null}},"2":{"start":{"line":6,"column":74},"end":{"line":11,"column":null}},"3":{"start":{"line":7,"column":18},"end":{"line":8,"column":null}},"4":{"start":{"line":10,"column":2},"end":{"line":10,"column":null}},"5":{"start":{"line":6,"column":13},"end":{"line":6,"column":49}},"6":{"start":{"line":13,"column":32},"end":{"line":28,"column":null}},"7":{"start":{"line":16,"column":18},"end":{"line":28,"column":null}},"8":{"start":{"line":17,"column":28},"end":{"line":17,"column":36}},"9":{"start":{"line":18,"column":2},"end":{"line":27,"column":null}},"10":{"start":{"line":22,"column":6},"end":{"line":24,"column":null}},"11":{"start":{"line":23,"column":8},"end":{"line":23,"column":null}},"12":{"start":{"line":25,"column":6},"end":{"line":25,"column":null}},"13":{"start":{"line":13,"column":13},"end":{"line":13,"column":32}},"14":{"start":{"line":30,"column":35},"end":{"line":37,"column":1}},"15":{"start":{"line":31,"column":2},"end":{"line":36,"column":null}},"16":{"start":{"line":32,"column":4},"end":{"line":34,"column":null}},"17":{"start":{"line":33,"column":6},"end":{"line":33,"column":null}},"18":{"start":{"line":35,"column":4},"end":{"line":35,"column":null}},"19":{"start":{"line":30,"column":13},"end":{"line":30,"column":35}},"20":{"start":{"line":39,"column":42},"end":{"line":56,"column":1}},"21":{"start":{"line":43,"column":2},"end":{"line":55,"column":null}},"22":{"start":{"line":50,"column":6},"end":{"line":52,"column":null}},"23":{"start":{"line":51,"column":8},"end":{"line":51,"column":null}},"24":{"start":{"line":53,"column":6},"end":{"line":53,"column":null}},"25":{"start":{"line":39,"column":13},"end":{"line":39,"column":42}},"26":{"start":{"line":58,"column":34},"end":{"line":89,"column":1}},"27":{"start":{"line":62,"column":61},"end":{"line":62,"column":69}},"28":{"start":{"line":63,"column":15},"end":{"line":63,"column":28}},"29":{"start":{"line":64,"column":2},"end":{"line":66,"column":null}},"30":{"start":{"line":65,"column":4},"end":{"line":65,"column":null}},"31":{"start":{"line":67,"column":2},"end":{"line":88,"column":null}},"32":{"start":{"line":71,"column":6},"end":{"line":73,"column":null}},"33":{"start":{"line":72,"column":8},"end":{"line":72,"column":null}},"34":{"start":{"line":74,"column":24},"end":{"line":74,"column":42}},"35":{"start":{"line":75,"column":6},"end":{"line":86,"column":null}},"36":{"start":{"line":79,"column":10},"end":{"line":81,"column":null}},"37":{"start":{"line":80,"column":12},"end":{"line":80,"column":null}},"38":{"start":{"line":82,"column":10},"end":{"line":84,"column":null}},"39":{"start":{"line":58,"column":13},"end":{"line":58,"column":34}},"40":{"start":{"line":91,"column":34},"end":{"line":119,"column":1}},"41":{"start":{"line":95,"column":13},"end":{"line":95,"column":36}},"42":{"start":{"line":96,"column":49},"end":{"line":96,"column":57}},"43":{"start":{"line":97,"column":15},"end":{"line":97,"column":28}},"44":{"start":{"line":98,"column":2},"end":{"line":100,"column":null}},"45":{"start":{"line":99,"column":4},"end":{"line":99,"column":null}},"46":{"start":{"line":101,"column":2},"end":{"line":118,"column":null}},"47":{"start":{"line":102,"column":4},"end":{"line":104,"column":null}},"48":{"start":{"line":103,"column":6},"end":{"line":103,"column":null}},"49":{"start":{"line":105,"column":4},"end":{"line":107,"column":null}},"50":{"start":{"line":106,"column":6},"end":{"line":106,"column":null}},"51":{"start":{"line":108,"column":4},"end":{"line":117,"column":null}},"52":{"start":{"line":112,"column":8},"end":{"line":114,"column":null}},"53":{"start":{"line":113,"column":10},"end":{"line":113,"column":null}},"54":{"start":{"line":115,"column":8},"end":{"line":115,"column":null}},"55":{"start":{"line":91,"column":13},"end":{"line":91,"column":34}},"56":{"start":{"line":121,"column":32},"end":{"line":140,"column":1}},"57":{"start":{"line":125,"column":18},"end":{"line":125,"column":29}},"58":{"start":{"line":126,"column":32},"end":{"line":126,"column":40}},"59":{"start":{"line":127,"column":2},"end":{"line":139,"column":null}},"60":{"start":{"line":132,"column":6},"end":{"line":134,"column":null}},"61":{"start":{"line":133,"column":8},"end":{"line":133,"column":null}},"62":{"start":{"line":135,"column":6},"end":{"line":137,"column":null}},"63":{"start":{"line":121,"column":13},"end":{"line":121,"column":32}},"64":{"start":{"line":142,"column":34},"end":{"line":170,"column":1}},"65":{"start":{"line":146,"column":13},"end":{"line":146,"column":36}},"66":{"start":{"line":147,"column":15},"end":{"line":147,"column":28}},"67":{"start":{"line":148,"column":2},"end":{"line":150,"column":null}},"68":{"start":{"line":149,"column":4},"end":{"line":149,"column":null}},"69":{"start":{"line":151,"column":2},"end":{"line":169,"column":null}},"70":{"start":{"line":155,"column":6},"end":{"line":157,"column":null}},"71":{"start":{"line":156,"column":8},"end":{"line":156,"column":null}},"72":{"start":{"line":158,"column":6},"end":{"line":167,"column":null}},"73":{"start":{"line":162,"column":10},"end":{"line":164,"column":null}},"74":{"start":{"line":163,"column":12},"end":{"line":163,"column":null}},"75":{"start":{"line":165,"column":10},"end":{"line":165,"column":null}},"76":{"start":{"line":142,"column":13},"end":{"line":142,"column":34}}},"fnMap":{"0":{"name":"(anonymous_7)","decl":{"start":{"line":6,"column":49},"end":{"line":6,"column":72}},"loc":{"start":{"line":6,"column":74},"end":{"line":11,"column":null}}},"1":{"name":"(anonymous_8)","decl":{"start":{"line":6,"column":74},"end":{"line":6,"column":null}},"loc":{"start":{"line":6,"column":74},"end":{"line":11,"column":1}}},"2":{"name":"(anonymous_9)","decl":{"start":{"line":13,"column":32},"end":{"line":13,"column":null}},"loc":{"start":{"line":16,"column":18},"end":{"line":28,"column":null}}},"3":{"name":"(anonymous_10)","decl":{"start":{"line":16,"column":18},"end":{"line":16,"column":null}},"loc":{"start":{"line":16,"column":18},"end":{"line":28,"column":1}}},"4":{"name":"(anonymous_11)","decl":{"start":{"line":21,"column":4},"end":{"line":21,"column":5}},"loc":{"start":{"line":21,"column":23},"end":{"line":26,"column":5}}},"5":{"name":"(anonymous_12)","decl":{"start":{"line":30,"column":35},"end":{"line":30,"column":36}},"loc":{"start":{"line":30,"column":76},"end":{"line":37,"column":1}}},"6":{"name":"(anonymous_13)","decl":{"start":{"line":31,"column":59},"end":{"line":31,"column":60}},"loc":{"start":{"line":31,"column":78},"end":{"line":36,"column":3}}},"7":{"name":"(anonymous_14)","decl":{"start":{"line":39,"column":42},"end":{"line":39,"column":null}},"loc":{"start":{"line":42,"column":4},"end":{"line":56,"column":1}}},"8":{"name":"(anonymous_15)","decl":{"start":{"line":49,"column":4},"end":{"line":49,"column":5}},"loc":{"start":{"line":49,"column":23},"end":{"line":54,"column":5}}},"9":{"name":"(anonymous_16)","decl":{"start":{"line":58,"column":34},"end":{"line":58,"column":null}},"loc":{"start":{"line":61,"column":4},"end":{"line":89,"column":1}}},"10":{"name":"(anonymous_17)","decl":{"start":{"line":70,"column":4},"end":{"line":70,"column":5}},"loc":{"start":{"line":70,"column":23},"end":{"line":87,"column":5}}},"11":{"name":"(anonymous_18)","decl":{"start":{"line":78,"column":8},"end":{"line":78,"column":9}},"loc":{"start":{"line":78,"column":28},"end":{"line":85,"column":9}}},"12":{"name":"(anonymous_19)","decl":{"start":{"line":91,"column":34},"end":{"line":91,"column":null}},"loc":{"start":{"line":94,"column":4},"end":{"line":119,"column":1}}},"13":{"name":"(anonymous_20)","decl":{"start":{"line":101,"column":26},"end":{"line":101,"column":27}},"loc":{"start":{"line":101,"column":68},"end":{"line":118,"column":3}}},"14":{"name":"(anonymous_21)","decl":{"start":{"line":111,"column":6},"end":{"line":111,"column":7}},"loc":{"start":{"line":111,"column":26},"end":{"line":116,"column":7}}},"15":{"name":"(anonymous_22)","decl":{"start":{"line":121,"column":32},"end":{"line":121,"column":null}},"loc":{"start":{"line":124,"column":4},"end":{"line":140,"column":1}}},"16":{"name":"(anonymous_23)","decl":{"start":{"line":131,"column":4},"end":{"line":131,"column":5}},"loc":{"start":{"line":131,"column":24},"end":{"line":138,"column":5}}},"17":{"name":"(anonymous_24)","decl":{"start":{"line":142,"column":34},"end":{"line":142,"column":null}},"loc":{"start":{"line":145,"column":4},"end":{"line":170,"column":1}}},"18":{"name":"(anonymous_25)","decl":{"start":{"line":154,"column":4},"end":{"line":154,"column":5}},"loc":{"start":{"line":154,"column":24},"end":{"line":168,"column":5}}},"19":{"name":"(anonymous_26)","decl":{"start":{"line":161,"column":8},"end":{"line":161,"column":9}},"loc":{"start":{"line":161,"column":28},"end":{"line":166,"column":9}}}},"branchMap":{"0":{"loc":{"start":{"line":20,"column":5},"end":{"line":20,"column":11}},"type":"cond-expr","locations":[{"start":{"line":20,"column":5},"end":{"line":20,"column":11}},{"start":{"line":20,"column":15},"end":{"line":20,"column":16}}]},"1":{"loc":{"start":{"line":20,"column":5},"end":{"line":20,"column":15}},"type":"binary-expr","locations":[{"start":{"line":20,"column":5},"end":{"line":20,"column":15}},{"start":{"line":20,"column":5},"end":{"line":20,"column":15}}]},"2":{"loc":{"start":{"line":20,"column":18},"end":{"line":20,"column":23}},"type":"cond-expr","locations":[{"start":{"line":20,"column":18},"end":{"line":20,"column":23}},{"start":{"line":20,"column":27},"end":{"line":20,"column":29}}]},"3":{"loc":{"start":{"line":20,"column":18},"end":{"line":20,"column":27}},"type":"binary-expr","locations":[{"start":{"line":20,"column":18},"end":{"line":20,"column":27}},{"start":{"line":20,"column":18},"end":{"line":20,"column":27}}]},"4":{"loc":{"start":{"line":22,"column":6},"end":{"line":24,"column":null}},"type":"if","locations":[{"start":{"line":22,"column":6},"end":{"line":24,"column":null}},{"start":{"line":22,"column":6},"end":{"line":24,"column":null}}]},"5":{"loc":{"start":{"line":32,"column":4},"end":{"line":34,"column":null}},"type":"if","locations":[{"start":{"line":32,"column":4},"end":{"line":34,"column":null}},{"start":{"line":32,"column":4},"end":{"line":34,"column":null}}]},"6":{"loc":{"start":{"line":50,"column":6},"end":{"line":52,"column":null}},"type":"if","locations":[{"start":{"line":50,"column":6},"end":{"line":52,"column":null}},{"start":{"line":50,"column":6},"end":{"line":52,"column":null}}]},"7":{"loc":{"start":{"line":64,"column":2},"end":{"line":66,"column":null}},"type":"if","locations":[{"start":{"line":64,"column":2},"end":{"line":66,"column":null}},{"start":{"line":64,"column":2},"end":{"line":66,"column":null}}]},"8":{"loc":{"start":{"line":69,"column":18},"end":{"line":69,"column":23}},"type":"cond-expr","locations":[{"start":{"line":69,"column":18},"end":{"line":69,"column":23}},{"start":{"line":69,"column":27},"end":{"line":69,"column":31}}]},"9":{"loc":{"start":{"line":69,"column":18},"end":{"line":69,"column":27}},"type":"binary-expr","locations":[{"start":{"line":69,"column":18},"end":{"line":69,"column":27}},{"start":{"line":69,"column":18},"end":{"line":69,"column":27}}]},"10":{"loc":{"start":{"line":69,"column":33},"end":{"line":69,"column":40}},"type":"cond-expr","locations":[{"start":{"line":69,"column":33},"end":{"line":69,"column":40}},{"start":{"line":69,"column":44},"end":{"line":69,"column":48}}]},"11":{"loc":{"start":{"line":69,"column":33},"end":{"line":69,"column":44}},"type":"binary-expr","locations":[{"start":{"line":69,"column":33},"end":{"line":69,"column":44}},{"start":{"line":69,"column":33},"end":{"line":69,"column":44}}]},"12":{"loc":{"start":{"line":71,"column":6},"end":{"line":73,"column":null}},"type":"if","locations":[{"start":{"line":71,"column":6},"end":{"line":73,"column":null}},{"start":{"line":71,"column":6},"end":{"line":73,"column":null}}]},"13":{"loc":{"start":{"line":79,"column":10},"end":{"line":81,"column":null}},"type":"if","locations":[{"start":{"line":79,"column":10},"end":{"line":81,"column":null}},{"start":{"line":79,"column":10},"end":{"line":81,"column":null}}]},"14":{"loc":{"start":{"line":98,"column":2},"end":{"line":100,"column":null}},"type":"if","locations":[{"start":{"line":98,"column":2},"end":{"line":100,"column":null}},{"start":{"line":98,"column":2},"end":{"line":100,"column":null}}]},"15":{"loc":{"start":{"line":102,"column":4},"end":{"line":104,"column":null}},"type":"if","locations":[{"start":{"line":102,"column":4},"end":{"line":104,"column":null}},{"start":{"line":102,"column":4},"end":{"line":104,"column":null}}]},"16":{"loc":{"start":{"line":105,"column":4},"end":{"line":107,"column":null}},"type":"if","locations":[{"start":{"line":105,"column":4},"end":{"line":107,"column":null}},{"start":{"line":105,"column":4},"end":{"line":107,"column":null}}]},"17":{"loc":{"start":{"line":112,"column":8},"end":{"line":114,"column":null}},"type":"if","locations":[{"start":{"line":112,"column":8},"end":{"line":114,"column":null}},{"start":{"line":112,"column":8},"end":{"line":114,"column":null}}]},"18":{"loc":{"start":{"line":132,"column":6},"end":{"line":134,"column":null}},"type":"if","locations":[{"start":{"line":132,"column":6},"end":{"line":134,"column":null}},{"start":{"line":132,"column":6},"end":{"line":134,"column":null}}]},"19":{"loc":{"start":{"line":148,"column":2},"end":{"line":150,"column":null}},"type":"if","locations":[{"start":{"line":148,"column":2},"end":{"line":150,"column":null}},{"start":{"line":148,"column":2},"end":{"line":150,"column":null}}]},"20":{"loc":{"start":{"line":155,"column":6},"end":{"line":157,"column":null}},"type":"if","locations":[{"start":{"line":155,"column":6},"end":{"line":157,"column":null}},{"start":{"line":155,"column":6},"end":{"line":157,"column":null}}]},"21":{"loc":{"start":{"line":162,"column":10},"end":{"line":164,"column":null}},"type":"if","locations":[{"start":{"line":162,"column":10},"end":{"line":164,"column":null}},{"start":{"line":162,"column":10},"end":{"line":164,"column":null}}]}},"s":{"0":0,"1":0,"2":0,"3":0,"4":0,"5":0,"6":0,"7":0,"8":0,"9":0,"10":0,"11":0,"12":0,"13":0,"14":0,"15":0,"16":0,"17":0,"18":0,"19":0,"20":0,"21":0,"22":0,"23":0,"24":0,"25":0,"26":0,"27":0,"28":0,"29":0,"30":0,"31":0,"32":0,"33":0,"34":0,"35":0,"36":0,"37":0,"38":0,"39":0,"40":0,"41":0,"42":0,"43":0,"44":0,"45":0,"46":0,"47":0,"48":0,"49":0,"50":0,"51":0,"52":0,"53":0,"54":0,"55":0,"56":0,"57":0,"58":0,"59":0,"60":0,"61":0,"62":0,"63":0,"64":0,"65":0,"66":0,"67":0,"68":0,"69":0,"70":0,"71":0,"72":0,"73":0,"74":0,"75":0,"76":0},"f":{"0":0,"1":0,"2":0,"3":0,"4":0,"5":0,"6":0,"7":0,"8":0,"9":0,"10":0,"11":0,"12":0,"13":0,"14":0,"15":0,"16":0,"17":0,"18":0,"19":0},"b":{"0":[0,0],"1":[0,0],"2":[0,0],"3":[0,0],"4":[0,0],"5":[0,0],"6":[0,0],"7":[0,0],"8":[0,0],"9":[0,0],"10":[0,0],"11":[0,0],"12":[0,0],"13":[0,0],"14":[0,0],"15":[0,0],"16":[0,0],"17":[0,0],"18":[0,0],"19":[0,0],"20":[0,0],"21":[0,0]}}
,"/Users/lorena/Documents/others/exercises/rest-api-store/src/models/user.model.ts": {"path":"/Users/lorena/Documents/others/exercises/rest-api-store/src/models/user.model.ts","statementMap":{"0":{"start":{"line":3,"column":0},"end":{"line":3,"column":42}},"1":{"start":{"line":4,"column":0},"end":{"line":4,"column":47}},"2":{"start":{"line":6,"column":34},"end":{"line":17,"column":1}},"3":{"start":{"line":7,"column":2},"end":{"line":16,"column":null}},"4":{"start":{"line":11,"column":6},"end":{"line":13,"column":null}},"5":{"start":{"line":12,"column":8},"end":{"line":12,"column":null}},"6":{"start":{"line":14,"column":6},"end":{"line":14,"column":null}},"7":{"start":{"line":6,"column":13},"end":{"line":6,"column":34}},"8":{"start":{"line":19,"column":34},"end":{"line":33,"column":1}},"9":{"start":{"line":20,"column":2},"end":{"line":32,"column":null}},"10":{"start":{"line":24,"column":6},"end":{"line":26,"column":null}},"11":{"start":{"line":25,"column":8},"end":{"line":25,"column":null}},"12":{"start":{"line":27,"column":6},"end":{"line":29,"column":null}},"13":{"start":{"line":28,"column":8},"end":{"line":28,"column":null}},"14":{"start":{"line":30,"column":6},"end":{"line":30,"column":null}},"15":{"start":{"line":19,"column":13},"end":{"line":19,"column":34}},"16":{"start":{"line":35,"column":34},"end":{"line":46,"column":1}},"17":{"start":{"line":36,"column":2},"end":{"line":45,"column":null}},"18":{"start":{"line":40,"column":6},"end":{"line":42,"column":null}},"19":{"start":{"line":41,"column":8},"end":{"line":41,"column":null}},"20":{"start":{"line":43,"column":6},"end":{"line":43,"column":null}},"21":{"start":{"line":35,"column":13},"end":{"line":35,"column":34}},"22":{"start":{"line":48,"column":31},"end":{"line":64,"column":null}},"23":{"start":{"line":51,"column":18},"end":{"line":64,"column":null}},"24":{"start":{"line":52,"column":42},"end":{"line":52,"column":50}},"25":{"start":{"line":53,"column":23},"end":{"line":53,"column":54}},"26":{"start":{"line":54,"column":2},"end":{"line":63,"column":null}},"27":{"start":{"line":58,"column":6},"end":{"line":60,"column":null}},"28":{"start":{"line":59,"column":8},"end":{"line":59,"column":null}},"29":{"start":{"line":61,"column":6},"end":{"line":61,"column":null}},"30":{"start":{"line":48,"column":13},"end":{"line":48,"column":31}},"31":{"start":{"line":66,"column":29},"end":{"line":77,"column":1}},"32":{"start":{"line":67,"column":15},"end":{"line":67,"column":28}},"33":{"start":{"line":68,"column":2},"end":{"line":70,"column":null}},"34":{"start":{"line":69,"column":4},"end":{"line":69,"column":null}},"35":{"start":{"line":71,"column":2},"end":{"line":76,"column":null}},"36":{"start":{"line":72,"column":4},"end":{"line":74,"column":null}},"37":{"start":{"line":73,"column":6},"end":{"line":73,"column":null}},"38":{"start":{"line":75,"column":4},"end":{"line":75,"column":null}},"39":{"start":{"line":66,"column":13},"end":{"line":66,"column":29}},"40":{"start":{"line":79,"column":35},"end":{"line":93,"column":1}},"41":{"start":{"line":83,"column":2},"end":{"line":92,"column":null}},"42":{"start":{"line":87,"column":6},"end":{"line":89,"column":null}},"43":{"start":{"line":88,"column":8},"end":{"line":88,"column":null}},"44":{"start":{"line":90,"column":6},"end":{"line":90,"column":null}},"45":{"start":{"line":79,"column":13},"end":{"line":79,"column":35}},"46":{"start":{"line":95,"column":32},"end":{"line":102,"column":1}},"47":{"start":{"line":96,"column":2},"end":{"line":101,"column":null}},"48":{"start":{"line":97,"column":4},"end":{"line":99,"column":null}},"49":{"start":{"line":98,"column":6},"end":{"line":98,"column":null}},"50":{"start":{"line":100,"column":4},"end":{"line":100,"column":null}},"51":{"start":{"line":95,"column":13},"end":{"line":95,"column":32}}},"fnMap":{"0":{"name":"(anonymous_7)","decl":{"start":{"line":6,"column":34},"end":{"line":6,"column":35}},"loc":{"start":{"line":6,"column":78},"end":{"line":17,"column":1}}},"1":{"name":"(anonymous_8)","decl":{"start":{"line":10,"column":4},"end":{"line":10,"column":5}},"loc":{"start":{"line":10,"column":24},"end":{"line":15,"column":5}}},"2":{"name":"(anonymous_9)","decl":{"start":{"line":19,"column":34},"end":{"line":19,"column":35}},"loc":{"start":{"line":19,"column":78},"end":{"line":33,"column":1}}},"3":{"name":"(anonymous_10)","decl":{"start":{"line":23,"column":4},"end":{"line":23,"column":5}},"loc":{"start":{"line":23,"column":23},"end":{"line":31,"column":5}}},"4":{"name":"(anonymous_11)","decl":{"start":{"line":35,"column":34},"end":{"line":35,"column":35}},"loc":{"start":{"line":35,"column":78},"end":{"line":46,"column":1}}},"5":{"name":"(anonymous_12)","decl":{"start":{"line":39,"column":4},"end":{"line":39,"column":5}},"loc":{"start":{"line":39,"column":24},"end":{"line":44,"column":5}}},"6":{"name":"(anonymous_13)","decl":{"start":{"line":48,"column":31},"end":{"line":48,"column":null}},"loc":{"start":{"line":51,"column":18},"end":{"line":64,"column":null}}},"7":{"name":"(anonymous_14)","decl":{"start":{"line":51,"column":18},"end":{"line":51,"column":null}},"loc":{"start":{"line":51,"column":18},"end":{"line":64,"column":1}}},"8":{"name":"(anonymous_15)","decl":{"start":{"line":57,"column":4},"end":{"line":57,"column":5}},"loc":{"start":{"line":57,"column":23},"end":{"line":62,"column":5}}},"9":{"name":"(anonymous_16)","decl":{"start":{"line":66,"column":29},"end":{"line":66,"column":30}},"loc":{"start":{"line":66,"column":78},"end":{"line":77,"column":1}}},"10":{"name":"(anonymous_17)","decl":{"start":{"line":71,"column":52},"end":{"line":71,"column":53}},"loc":{"start":{"line":71,"column":71},"end":{"line":76,"column":3}}},"11":{"name":"(anonymous_18)","decl":{"start":{"line":79,"column":35},"end":{"line":79,"column":null}},"loc":{"start":{"line":82,"column":4},"end":{"line":93,"column":1}}},"12":{"name":"(anonymous_19)","decl":{"start":{"line":86,"column":4},"end":{"line":86,"column":5}},"loc":{"start":{"line":86,"column":23},"end":{"line":91,"column":5}}},"13":{"name":"(anonymous_20)","decl":{"start":{"line":95,"column":32},"end":{"line":95,"column":33}},"loc":{"start":{"line":95,"column":73},"end":{"line":102,"column":1}}},"14":{"name":"(anonymous_21)","decl":{"start":{"line":96,"column":56},"end":{"line":96,"column":57}},"loc":{"start":{"line":96,"column":75},"end":{"line":101,"column":3}}}},"branchMap":{"0":{"loc":{"start":{"line":11,"column":6},"end":{"line":13,"column":null}},"type":"if","locations":[{"start":{"line":11,"column":6},"end":{"line":13,"column":null}},{"start":{"line":11,"column":6},"end":{"line":13,"column":null}}]},"1":{"loc":{"start":{"line":24,"column":6},"end":{"line":26,"column":null}},"type":"if","locations":[{"start":{"line":24,"column":6},"end":{"line":26,"column":null}},{"start":{"line":24,"column":6},"end":{"line":26,"column":null}}]},"2":{"loc":{"start":{"line":27,"column":6},"end":{"line":29,"column":null}},"type":"if","locations":[{"start":{"line":27,"column":6},"end":{"line":29,"column":null}},{"start":{"line":27,"column":6},"end":{"line":29,"column":null}}]},"3":{"loc":{"start":{"line":40,"column":6},"end":{"line":42,"column":null}},"type":"if","locations":[{"start":{"line":40,"column":6},"end":{"line":42,"column":null}},{"start":{"line":40,"column":6},"end":{"line":42,"column":null}}]},"4":{"loc":{"start":{"line":58,"column":6},"end":{"line":60,"column":null}},"type":"if","locations":[{"start":{"line":58,"column":6},"end":{"line":60,"column":null}},{"start":{"line":58,"column":6},"end":{"line":60,"column":null}}]},"5":{"loc":{"start":{"line":68,"column":2},"end":{"line":70,"column":null}},"type":"if","locations":[{"start":{"line":68,"column":2},"end":{"line":70,"column":null}},{"start":{"line":68,"column":2},"end":{"line":70,"column":null}}]},"6":{"loc":{"start":{"line":72,"column":4},"end":{"line":74,"column":null}},"type":"if","locations":[{"start":{"line":72,"column":4},"end":{"line":74,"column":null}},{"start":{"line":72,"column":4},"end":{"line":74,"column":null}}]},"7":{"loc":{"start":{"line":87,"column":6},"end":{"line":89,"column":null}},"type":"if","locations":[{"start":{"line":87,"column":6},"end":{"line":89,"column":null}},{"start":{"line":87,"column":6},"end":{"line":89,"column":null}}]},"8":{"loc":{"start":{"line":97,"column":4},"end":{"line":99,"column":null}},"type":"if","locations":[{"start":{"line":97,"column":4},"end":{"line":99,"column":null}},{"start":{"line":97,"column":4},"end":{"line":99,"column":null}}]}},"s":{"0":0,"1":0,"2":0,"3":0,"4":0,"5":0,"6":0,"7":0,"8":0,"9":0,"10":0,"11":0,"12":0,"13":0,"14":0,"15":0,"16":0,"17":0,"18":0,"19":0,"20":0,"21":0,"22":0,"23":0,"24":0,"25":0,"26":0,"27":0,"28":0,"29":0,"30":0,"31":0,"32":0,"33":0,"34":0,"35":0,"36":0,"37":0,"38":0,"39":0,"40":0,"41":0,"42":0,"43":0,"44":0,"45":0,"46":0,"47":0,"48":0,"49":0,"50":0,"51":0},"f":{"0":0,"1":0,"2":0,"3":0,"4":0,"5":0,"6":0,"7":0,"8":0,"9":0,"10":0,"11":0,"12":0,"13":0,"14":0},"b":{"0":[0,0],"1":[0,0],"2":[0,0],"3":[0,0],"4":[0,0],"5":[0,0],"6":[0,0],"7":[0,0],"8":[0,0]}}
,"/Users/lorena/Documents/others/exercises/rest-api-store/src/routes/orders.router.ts": {"path":"/Users/lorena/Documents/others/exercises/rest-api-store/src/routes/orders.router.ts","statementMap":{"0":{"start":{"line":1,"column":0},"end":{"line":1,"column":32}},"1":{"start":{"line":2,"column":0},"end":{"line":2,"column":73}},"2":{"start":{"line":4,"column":15},"end":{"line":4,"column":23}},"3":{"start":{"line":6,"column":0},"end":{"line":6,"column":null}},"4":{"start":{"line":7,"column":0},"end":{"line":7,"column":null}},"5":{"start":{"line":9,"column":0},"end":{"line":9,"column":null}}},"fnMap":{},"branchMap":{},"s":{"0":0,"1":0,"2":0,"3":0,"4":0,"5":0},"f":{},"b":{}}
,"/Users/lorena/Documents/others/exercises/rest-api-store/src/routes/products.router.ts": {"path":"/Users/lorena/Documents/others/exercises/rest-api-store/src/routes/products.router.ts","statementMap":{"0":{"start":{"line":1,"column":0},"end":{"line":1,"column":32}},"1":{"start":{"line":2,"column":0},"end":{"line":2,"column":null}},"2":{"start":{"line":11,"column":15},"end":{"line":11,"column":23}},"3":{"start":{"line":13,"column":0},"end":{"line":13,"column":null}},"4":{"start":{"line":14,"column":0},"end":{"line":14,"column":null}},"5":{"start":{"line":15,"column":0},"end":{"line":15,"column":null}},"6":{"start":{"line":16,"column":0},"end":{"line":16,"column":null}},"7":{"start":{"line":17,"column":0},"end":{"line":17,"column":null}},"8":{"start":{"line":18,"column":0},"end":{"line":18,"column":null}},"9":{"start":{"line":20,"column":0},"end":{"line":20,"column":null}}},"fnMap":{},"branchMap":{},"s":{"0":0,"1":0,"2":0,"3":0,"4":0,"5":0,"6":0,"7":0,"8":0,"9":0},"f":{},"b":{}}
,"/Users/lorena/Documents/others/exercises/rest-api-store/src/routes/user.router.ts": {"path":"/Users/lorena/Documents/others/exercises/rest-api-store/src/routes/user.router.ts","statementMap":{"0":{"start":{"line":1,"column":0},"end":{"line":1,"column":32}},"1":{"start":{"line":2,"column":0},"end":{"line":2,"column":58}},"2":{"start":{"line":4,"column":15},"end":{"line":4,"column":23}},"3":{"start":{"line":6,"column":0},"end":{"line":6,"column":null}},"4":{"start":{"line":8,"column":0},"end":{"line":8,"column":null}}},"fnMap":{},"branchMap":{},"s":{"0":0,"1":0,"2":0,"3":0,"4":0},"f":{},"b":{}}
,"/Users/lorena/Documents/others/exercises/rest-api-store/src/utils/auth.ts": {"path":"/Users/lorena/Documents/others/exercises/rest-api-store/src/utils/auth.ts","statementMap":{"0":{"start":{"line":2,"column":0},"end":{"line":2,"column":30}},"1":{"start":{"line":3,"column":0},"end":{"line":3,"column":38}},"2":{"start":{"line":4,"column":0},"end":{"line":4,"column":29}},"3":{"start":{"line":5,"column":0},"end":{"line":5,"column":75}},"4":{"start":{"line":9,"column":29},"end":{"line":22,"column":1}},"5":{"start":{"line":13,"column":2},"end":{"line":21,"column":null}},"6":{"start":{"line":14,"column":4},"end":{"line":20,"column":null}},"7":{"start":{"line":15,"column":6},"end":{"line":17,"column":null}},"8":{"start":{"line":16,"column":8},"end":{"line":16,"column":null}},"9":{"start":{"line":19,"column":6},"end":{"line":19,"column":null}},"10":{"start":{"line":9,"column":13},"end":{"line":9,"column":29}},"11":{"start":{"line":24,"column":31},"end":{"line":33,"column":1}},"12":{"start":{"line":25,"column":2},"end":{"line":32,"column":null}},"13":{"start":{"line":26,"column":4},"end":{"line":31,"column":null}},"14":{"start":{"line":27,"column":6},"end":{"line":29,"column":null}},"15":{"start":{"line":28,"column":8},"end":{"line":28,"column":null}},"16":{"start":{"line":30,"column":6},"end":{"line":30,"column":null}},"17":{"start":{"line":24,"column":13},"end":{"line":24,"column":31}},"18":{"start":{"line":35,"column":24},"end":{"line":39,"column":1}},"19":{"start":{"line":36,"column":2},"end":{"line":38,"column":null}},"20":{"start":{"line":35,"column":13},"end":{"line":35,"column":24}},"21":{"start":{"line":41,"column":27},"end":{"line":47,"column":4}},"22":{"start":{"line":42,"column":2},"end":{"line":47,"column":4}},"23":{"start":{"line":43,"column":4},"end":{"line":46,"column":null}},"24":{"start":{"line":44,"column":6},"end":{"line":44,"column":null}},"25":{"start":{"line":44,"column":15},"end":{"line":44,"column":null}},"26":{"start":{"line":45,"column":6},"end":{"line":45,"column":null}},"27":{"start":{"line":41,"column":13},"end":{"line":41,"column":27}},"28":{"start":{"line":49,"column":23},"end":{"line":83,"column":null}},"29":{"start":{"line":53,"column":4},"end":{"line":83,"column":null}},"30":{"start":{"line":54,"column":2},"end":{"line":56,"column":null}},"31":{"start":{"line":55,"column":4},"end":{"line":55,"column":null}},"32":{"start":{"line":57,"column":16},"end":{"line":57,"column":61}},"33":{"start":{"line":58,"column":2},"end":{"line":62,"column":null}},"34":{"start":{"line":59,"column":4},"end":{"line":61,"column":null}},"35":{"start":{"line":64,"column":2},"end":{"line":82,"column":null}},"36":{"start":{"line":64,"column":76},"end":{"line":82,"column":4}},"37":{"start":{"line":65,"column":4},"end":{"line":69,"column":null}},"38":{"start":{"line":66,"column":6},"end":{"line":68,"column":null}},"39":{"start":{"line":70,"column":20},"end":{"line":70,"column":44}},"40":{"start":{"line":71,"column":4},"end":{"line":81,"column":null}},"41":{"start":{"line":72,"column":6},"end":{"line":80,"column":null}},"42":{"start":{"line":73,"column":8},"end":{"line":73,"column":null}},"43":{"start":{"line":74,"column":8},"end":{"line":74,"column":null}},"44":{"start":{"line":76,"column":8},"end":{"line":76,"column":null}},"45":{"start":{"line":77,"column":8},"end":{"line":79,"column":null}},"46":{"start":{"line":49,"column":13},"end":{"line":49,"column":23}}},"fnMap":{"0":{"name":"(anonymous_8)","decl":{"start":{"line":9,"column":29},"end":{"line":9,"column":null}},"loc":{"start":{"line":12,"column":18},"end":{"line":22,"column":1}}},"1":{"name":"(anonymous_9)","decl":{"start":{"line":13,"column":21},"end":{"line":13,"column":22}},"loc":{"start":{"line":13,"column":41},"end":{"line":21,"column":3}}},"2":{"name":"(anonymous_10)","decl":{"start":{"line":14,"column":43},"end":{"line":14,"column":44}},"loc":{"start":{"line":14,"column":57},"end":{"line":20,"column":5}}},"3":{"name":"(anonymous_11)","decl":{"start":{"line":24,"column":31},"end":{"line":24,"column":32}},"loc":{"start":{"line":24,"column":66},"end":{"line":33,"column":1}}},"4":{"name":"(anonymous_12)","decl":{"start":{"line":25,"column":21},"end":{"line":25,"column":22}},"loc":{"start":{"line":25,"column":41},"end":{"line":32,"column":3}}},"5":{"name":"(anonymous_13)","decl":{"start":{"line":26,"column":29},"end":{"line":26,"column":30}},"loc":{"start":{"line":26,"column":55},"end":{"line":31,"column":5}}},"6":{"name":"(anonymous_14)","decl":{"start":{"line":35,"column":24},"end":{"line":35,"column":25}},"loc":{"start":{"line":35,"column":43},"end":{"line":39,"column":1}}},"7":{"name":"(anonymous_15)","decl":{"start":{"line":41,"column":27},"end":{"line":41,"column":28}},"loc":{"start":{"line":42,"column":2},"end":{"line":47,"column":4}}},"8":{"name":"(anonymous_16)","decl":{"start":{"line":42,"column":14},"end":{"line":42,"column":15}},"loc":{"start":{"line":42,"column":34},"end":{"line":47,"column":3}}},"9":{"name":"(anonymous_17)","decl":{"start":{"line":43,"column":42},"end":{"line":43,"column":43}},"loc":{"start":{"line":43,"column":71},"end":{"line":46,"column":5}}},"10":{"name":"(anonymous_18)","decl":{"start":{"line":49,"column":23},"end":{"line":49,"column":null}},"loc":{"start":{"line":53,"column":4},"end":{"line":83,"column":null}}},"11":{"name":"(anonymous_19)","decl":{"start":{"line":53,"column":4},"end":{"line":53,"column":null}},"loc":{"start":{"line":53,"column":4},"end":{"line":83,"column":1}}},"12":{"name":"(anonymous_20)","decl":{"start":{"line":64,"column":28},"end":{"line":64,"column":35}},"loc":{"start":{"line":64,"column":76},"end":{"line":82,"column":4}}},"13":{"name":"(anonymous_21)","decl":{"start":{"line":64,"column":76},"end":{"line":64,"column":null}},"loc":{"start":{"line":64,"column":76},"end":{"line":82,"column":3}}},"14":{"name":"(anonymous_22)","decl":{"start":{"line":71,"column":25},"end":{"line":71,"column":26}},"loc":{"start":{"line":71,"column":56},"end":{"line":81,"column":5}}}},"branchMap":{"0":{"loc":{"start":{"line":15,"column":6},"end":{"line":17,"column":null}},"type":"if","locations":[{"start":{"line":15,"column":6},"end":{"line":17,"column":null}},{"start":{"line":15,"column":6},"end":{"line":17,"column":null}}]},"1":{"loc":{"start":{"line":27,"column":6},"end":{"line":29,"column":null}},"type":"if","locations":[{"start":{"line":27,"column":6},"end":{"line":29,"column":null}},{"start":{"line":27,"column":6},"end":{"line":29,"column":null}}]},"2":{"loc":{"start":{"line":44,"column":6},"end":{"line":44,"column":null}},"type":"if","locations":[{"start":{"line":44,"column":6},"end":{"line":44,"column":null}},{"start":{"line":44,"column":6},"end":{"line":44,"column":null}}]},"3":{"loc":{"start":{"line":54,"column":2},"end":{"line":56,"column":null}},"type":"if","locations":[{"start":{"line":54,"column":2},"end":{"line":56,"column":null}},{"start":{"line":54,"column":2},"end":{"line":56,"column":null}}]},"4":{"loc":{"start":{"line":58,"column":2},"end":{"line":62,"column":null}},"type":"if","locations":[{"start":{"line":58,"column":2},"end":{"line":62,"column":null}},{"start":{"line":58,"column":2},"end":{"line":62,"column":null}}]},"5":{"loc":{"start":{"line":65,"column":4},"end":{"line":69,"column":null}},"type":"if","locations":[{"start":{"line":65,"column":4},"end":{"line":69,"column":null}},{"start":{"line":65,"column":4},"end":{"line":69,"column":null}}]},"6":{"loc":{"start":{"line":65,"column":8},"end":{"line":65,"column":13}},"type":"binary-expr","locations":[{"start":{"line":65,"column":8},"end":{"line":65,"column":13}},{"start":{"line":65,"column":17},"end":{"line":65,"column":25}}]}},"s":{"0":0,"1":0,"2":0,"3":0,"4":0,"5":0,"6":0,"7":0,"8":0,"9":0,"10":0,"11":0,"12":0,"13":0,"14":0,"15":0,"16":0,"17":0,"18":0,"19":0,"20":0,"21":0,"22":0,"23":0,"24":0,"25":0,"26":0,"27":0,"28":0,"29":0,"30":0,"31":0,"32":0,"33":0,"34":0,"35":0,"36":0,"37":0,"38":0,"39":0,"40":0,"41":0,"42":0,"43":0,"44":0,"45":0,"46":0},"f":{"0":0,"1":0,"2":0,"3":0,"4":0,"5":0,"6":0,"7":0,"8":0,"9":0,"10":0,"11":0,"12":0,"13":0,"14":0},"b":{"0":[0,0],"1":[0,0],"2":[0,0],"3":[0,0],"4":[0,0],"5":[0,0],"6":[0,0]}}
}
