TN:
SF:src/index.ts
FNF:0
FNH:0
DA:1,0
DA:3,0
LF:2
LH:0
BRF:0
BRH:0
end_of_record
TN:
SF:src/server.ts
FN:29,(anonymous_1)
FN:31,(anonymous_2)
FNF:2
FNH:0
FNDA:0,(anonymous_1)
FNDA:0,(anonymous_2)
DA:1,0
DA:2,0
DA:3,0
DA:4,0
DA:5,0
DA:6,0
DA:7,0
DA:8,0
DA:10,0
DA:11,0
DA:13,0
DA:14,0
DA:16,0
DA:17,0
DA:19,0
DA:21,0
DA:23,0
DA:25,0
DA:26,0
DA:27,0
DA:29,0
DA:30,0
DA:31,0
DA:32,0
DA:35,0
LF:25
LH:0
BRDA:11,0,0,0
BRDA:11,0,1,0
BRF:2
BRH:0
end_of_record
TN:
SF:src/config/db.config.ts
FNF:0
FNH:0
DA:1,0
DA:2,0
DA:4,0
DA:6,0
LF:4
LH:0
BRF:0
BRH:0
end_of_record
TN:
SF:src/config/dev.ts
FNF:0
FNH:0
DA:1,0
LF:1
LH:0
BRF:0
BRH:0
end_of_record
TN:
SF:src/controllers/orders.controller.ts
FN:11,(anonymous_0)
FN:14,(anonymous_1)
FN:21,(anonymous_2)
FN:28,(anonymous_3)
FN:43,(anonymous_4)
FN:44,(anonymous_5)
FNF:6
FNH:0
FNDA:0,(anonymous_0)
FNDA:0,(anonymous_1)
FNDA:0,(anonymous_2)
FNDA:0,(anonymous_3)
FNDA:0,(anonymous_4)
FNDA:0,(anonymous_5)
DA:2,0
DA:11,0
DA:12,0
DA:15,0
DA:16,0
DA:18,0
DA:22,0
DA:23,0
DA:25,0
DA:29,0
DA:30,0
DA:32,0
DA:43,0
DA:44,0
DA:45,0
DA:46,0
DA:48,0
LF:17
LH:0
BRDA:15,0,0,0
BRDA:15,0,1,0
BRDA:22,1,0,0
BRDA:22,1,1,0
BRDA:29,2,0,0
BRDA:29,2,1,0
BRDA:45,3,0,0
BRDA:45,3,1,0
BRF:8
BRH:0
end_of_record
TN:
SF:src/controllers/products.controller.ts
FN:15,(anonymous_7)
FN:18,(anonymous_8)
FN:22,(anonymous_9)
FN:37,(anonymous_10)
FN:39,(anonymous_11)
FN:47,(anonymous_12)
FN:51,(anonymous_13)
FN:62,(anonymous_14)
FN:63,(anonymous_15)
FN:71,(anonymous_16)
FN:72,(anonymous_17)
FN:80,(anonymous_18)
FN:81,(anonymous_19)
FN:91,(anonymous_20)
FN:92,(anonymous_21)
FNF:15
FNH:0
FNDA:0,(anonymous_7)
FNDA:0,(anonymous_8)
FNDA:0,(anonymous_9)
FNDA:0,(anonymous_10)
FNDA:0,(anonymous_11)
FNDA:0,(anonymous_12)
FNDA:0,(anonymous_13)
FNDA:0,(anonymous_14)
FNDA:0,(anonymous_15)
FNDA:0,(anonymous_16)
FNDA:0,(anonymous_17)
FNDA:0,(anonymous_18)
FNDA:0,(anonymous_19)
FNDA:0,(anonymous_20)
FNDA:0,(anonymous_21)
DA:4,0
DA:15,0
DA:18,0
DA:19,0
DA:20,0
DA:22,0
DA:23,0
DA:24,0
DA:26,0
DA:37,0
DA:38,0
DA:39,0
DA:40,0
DA:41,0
DA:43,0
DA:47,0
DA:48,0
DA:49,0
DA:52,0
DA:53,0
DA:57,0
DA:62,0
DA:63,0
DA:64,0
DA:65,0
DA:67,0
DA:71,0
DA:72,0
DA:73,0
DA:74,0
DA:76,0
DA:80,0
DA:81,0
DA:82,0
DA:83,0
DA:87,0
DA:91,0
DA:92,0
DA:93,0
DA:94,0
DA:96,0
LF:41
LH:0
BRDA:23,0,0,0
BRDA:23,0,1,0
BRDA:29,1,0,0
BRDA:29,1,1,0
BRDA:29,2,0,0
BRDA:29,2,1,0
BRDA:30,3,0,0
BRDA:30,3,1,0
BRDA:30,4,0,0
BRDA:30,4,1,0
BRDA:40,5,0,0
BRDA:40,5,1,0
BRDA:52,6,0,0
BRDA:52,6,1,0
BRDA:64,7,0,0
BRDA:64,7,1,0
BRDA:73,8,0,0
BRDA:73,8,1,0
BRDA:82,9,0,0
BRDA:82,9,1,0
BRDA:93,10,0,0
BRDA:93,10,1,0
BRF:22
BRH:0
end_of_record
TN:
SF:src/controllers/user.controllers.ts
FN:13,(anonymous_7)
FN:13,(anonymous_8)
FN:17,(anonymous_9)
FN:23,(anonymous_10)
FN:36,(anonymous_11)
FN:36,(anonymous_12)
FN:40,(anonymous_13)
FN:40,(anonymous_14)
FN:50,(anonymous_15)
FN:63,(anonymous_16)
FN:63,(anonymous_17)
FN:65,(anonymous_18)
FN:73,(anonymous_19)
FN:75,(anonymous_20)
FN:83,(anonymous_21)
FN:84,(anonymous_22)
FNF:16
FNH:0
FNDA:0,(anonymous_7)
FNDA:0,(anonymous_8)
FNDA:0,(anonymous_9)
FNDA:0,(anonymous_10)
FNDA:0,(anonymous_11)
FNDA:0,(anonymous_12)
FNDA:0,(anonymous_13)
FNDA:0,(anonymous_14)
FNDA:0,(anonymous_15)
FNDA:0,(anonymous_16)
FNDA:0,(anonymous_17)
FNDA:0,(anonymous_18)
FNDA:0,(anonymous_19)
FNDA:0,(anonymous_20)
FNDA:0,(anonymous_21)
FNDA:0,(anonymous_22)
DA:4,0
DA:11,0
DA:13,0
DA:14,0
DA:15,0
DA:17,0
DA:18,0
DA:19,0
DA:21,0
DA:22,0
DA:23,0
DA:24,0
DA:25,0
DA:27,0
DA:30,0
DA:31,0
DA:36,0
DA:37,0
DA:38,0
DA:40,0
DA:41,0
DA:42,0
DA:44,0
DA:45,0
DA:46,0
DA:47,0
DA:49,0
DA:50,0
DA:51,0
DA:52,0
DA:54,0
DA:57,0
DA:58,0
DA:63,0
DA:64,0
DA:65,0
DA:66,0
DA:67,0
DA:69,0
DA:73,0
DA:74,0
DA:75,0
DA:76,0
DA:77,0
DA:79,0
DA:83,0
DA:84,0
DA:85,0
DA:86,0
DA:88,0
LF:50
LH:0
BRDA:14,0,0,0
BRDA:14,0,1,0
BRDA:14,1,0,0
BRDA:14,1,1,0
BRDA:18,2,0,0
BRDA:18,2,1,0
BRDA:24,3,0,0
BRDA:24,3,1,0
BRDA:37,4,0,0
BRDA:37,4,1,0
BRDA:37,5,0,0
BRDA:37,5,1,0
BRDA:41,6,0,0
BRDA:41,6,1,0
BRDA:46,7,0,0
BRDA:46,7,1,0
BRDA:51,8,0,0
BRDA:51,8,1,0
BRDA:66,9,0,0
BRDA:66,9,1,0
BRDA:76,10,0,0
BRDA:76,10,1,0
BRDA:85,11,0,0
BRDA:85,11,1,0
BRF:24
BRH:0
end_of_record
TN:
SF:src/models/orders.model.ts
FN:6,(anonymous_0)
FN:21,(anonymous_1)
FN:30,(anonymous_2)
FN:54,(anonymous_3)
FN:92,(anonymous_4)
FN:103,(anonymous_5)
FN:119,(anonymous_6)
FN:128,(anonymous_7)
FN:137,(anonymous_8)
FN:146,(anonymous_9)
FN:153,(anonymous_10)
FN:164,(anonymous_11)
FN:174,(anonymous_12)
FN:179,(anonymous_13)
FNF:14
FNH:0
FNDA:0,(anonymous_0)
FNDA:0,(anonymous_1)
FNDA:0,(anonymous_2)
FNDA:0,(anonymous_3)
FNDA:0,(anonymous_4)
FNDA:0,(anonymous_5)
FNDA:0,(anonymous_6)
FNDA:0,(anonymous_7)
FNDA:0,(anonymous_8)
FNDA:0,(anonymous_9)
FNDA:0,(anonymous_10)
FNDA:0,(anonymous_11)
FNDA:0,(anonymous_12)
FNDA:0,(anonymous_13)
DA:4,0
DA:6,0
DA:10,0
DA:11,0
DA:12,0
DA:13,0
DA:14,0
DA:17,0
DA:22,0
DA:23,0
DA:25,0
DA:30,0
DA:34,0
DA:35,0
DA:36,0
DA:38,0
DA:39,0
DA:40,0
DA:47,0
DA:48,0
DA:51,0
DA:55,0
DA:56,0
DA:59,0
DA:60,0
DA:61,0
DA:63,0
DA:64,0
DA:65,0
DA:67,0
DA:68,0
DA:75,0
DA:76,0
DA:82,0
DA:83,0
DA:90,0
DA:93,0
DA:94,0
DA:96,0
DA:103,0
DA:108,0
DA:109,0
DA:110,0
DA:111,0
DA:112,0
DA:115,0
DA:120,0
DA:121,0
DA:123,0
DA:128,0
DA:133,0
DA:134,0
DA:138,0
DA:139,0
DA:141,0
DA:146,0
DA:150,0
DA:151,0
DA:152,0
DA:153,0
DA:154,0
DA:155,0
DA:157,0
DA:160,0
DA:161,0
DA:165,0
DA:166,0
DA:168,0
DA:174,0
DA:175,0
DA:176,0
DA:180,0
DA:181,0
DA:183,0
LF:74
LH:0
BRDA:22,0,0,0
BRDA:22,0,1,0
BRDA:39,1,0,0
BRDA:39,1,1,0
BRDA:55,2,0,0
BRDA:55,2,1,0
BRDA:64,3,0,0
BRDA:64,3,1,0
BRDA:67,4,0,0
BRDA:67,4,1,0
BRDA:82,5,0,0
BRDA:82,5,1,0
BRDA:93,6,0,0
BRDA:93,6,1,0
BRDA:111,7,0,0
BRDA:111,7,1,0
BRDA:120,8,0,0
BRDA:120,8,1,0
BRDA:138,9,0,0
BRDA:138,9,1,0
BRDA:152,10,0,0
BRDA:152,10,1,0
BRDA:154,11,0,0
BRDA:154,11,1,0
BRDA:160,12,0,0
BRDA:160,12,1,0
BRDA:165,13,0,0
BRDA:165,13,1,0
BRDA:180,14,0,0
BRDA:180,14,1,0
BRF:30
BRH:0
end_of_record
TN:
SF:src/models/products.model.ts
FN:6,(anonymous_7)
FN:6,(anonymous_8)
FN:13,(anonymous_9)
FN:16,(anonymous_10)
FN:21,(anonymous_11)
FN:30,(anonymous_12)
FN:31,(anonymous_13)
FN:39,(anonymous_14)
FN:49,(anonymous_15)
FN:58,(anonymous_16)
FN:70,(anonymous_17)
FN:78,(anonymous_18)
FN:91,(anonymous_19)
FN:101,(anonymous_20)
FN:111,(anonymous_21)
FN:121,(anonymous_22)
FN:131,(anonymous_23)
FN:142,(anonymous_24)
FN:154,(anonymous_25)
FN:161,(anonymous_26)
FNF:20
FNH:0
FNDA:0,(anonymous_7)
FNDA:0,(anonymous_8)
FNDA:0,(anonymous_9)
FNDA:0,(anonymous_10)
FNDA:0,(anonymous_11)
FNDA:0,(anonymous_12)
FNDA:0,(anonymous_13)
FNDA:0,(anonymous_14)
FNDA:0,(anonymous_15)
FNDA:0,(anonymous_16)
FNDA:0,(anonymous_17)
FNDA:0,(anonymous_18)
FNDA:0,(anonymous_19)
FNDA:0,(anonymous_20)
FNDA:0,(anonymous_21)
FNDA:0,(anonymous_22)
FNDA:0,(anonymous_23)
FNDA:0,(anonymous_24)
FNDA:0,(anonymous_25)
FNDA:0,(anonymous_26)
DA:4,0
DA:6,0
DA:7,0
DA:10,0
DA:13,0
DA:16,0
DA:17,0
DA:18,0
DA:22,0
DA:23,0
DA:25,0
DA:30,0
DA:31,0
DA:32,0
DA:33,0
DA:35,0
DA:39,0
DA:43,0
DA:50,0
DA:51,0
DA:53,0
DA:58,0
DA:62,0
DA:63,0
DA:64,0
DA:65,0
DA:67,0
DA:71,0
DA:72,0
DA:74,0
DA:75,0
DA:79,0
DA:80,0
DA:82,0
DA:91,0
DA:95,0
DA:96,0
DA:97,0
DA:98,0
DA:99,0
DA:101,0
DA:102,0
DA:103,0
DA:105,0
DA:106,0
DA:108,0
DA:112,0
DA:113,0
DA:115,0
DA:121,0
DA:125,0
DA:126,0
DA:127,0
DA:132,0
DA:133,0
DA:135,0
DA:142,0
DA:146,0
DA:147,0
DA:148,0
DA:149,0
DA:151,0
DA:155,0
DA:156,0
DA:158,0
DA:162,0
DA:163,0
DA:165,0
LF:68
LH:0
BRDA:20,0,0,0
BRDA:20,0,1,0
BRDA:20,1,0,0
BRDA:20,1,1,0
BRDA:20,2,0,0
BRDA:20,2,1,0
BRDA:20,3,0,0
BRDA:20,3,1,0
BRDA:22,4,0,0
BRDA:22,4,1,0
BRDA:32,5,0,0
BRDA:32,5,1,0
BRDA:50,6,0,0
BRDA:50,6,1,0
BRDA:64,7,0,0
BRDA:64,7,1,0
BRDA:69,8,0,0
BRDA:69,8,1,0
BRDA:69,9,0,0
BRDA:69,9,1,0
BRDA:69,10,0,0
BRDA:69,10,1,0
BRDA:69,11,0,0
BRDA:69,11,1,0
BRDA:71,12,0,0
BRDA:71,12,1,0
BRDA:79,13,0,0
BRDA:79,13,1,0
BRDA:98,14,0,0
BRDA:98,14,1,0
BRDA:102,15,0,0
BRDA:102,15,1,0
BRDA:105,16,0,0
BRDA:105,16,1,0
BRDA:112,17,0,0
BRDA:112,17,1,0
BRDA:132,18,0,0
BRDA:132,18,1,0
BRDA:148,19,0,0
BRDA:148,19,1,0
BRDA:155,20,0,0
BRDA:155,20,1,0
BRDA:162,21,0,0
BRDA:162,21,1,0
BRF:44
BRH:0
end_of_record
TN:
SF:src/models/user.model.ts
FN:6,(anonymous_7)
FN:10,(anonymous_8)
FN:19,(anonymous_9)
FN:23,(anonymous_10)
FN:35,(anonymous_11)
FN:39,(anonymous_12)
FN:48,(anonymous_13)
FN:51,(anonymous_14)
FN:57,(anonymous_15)
FN:66,(anonymous_16)
FN:71,(anonymous_17)
FN:79,(anonymous_18)
FN:86,(anonymous_19)
FN:95,(anonymous_20)
FN:96,(anonymous_21)
FNF:15
FNH:0
FNDA:0,(anonymous_7)
FNDA:0,(anonymous_8)
FNDA:0,(anonymous_9)
FNDA:0,(anonymous_10)
FNDA:0,(anonymous_11)
FNDA:0,(anonymous_12)
FNDA:0,(anonymous_13)
FNDA:0,(anonymous_14)
FNDA:0,(anonymous_15)
FNDA:0,(anonymous_16)
FNDA:0,(anonymous_17)
FNDA:0,(anonymous_18)
FNDA:0,(anonymous_19)
FNDA:0,(anonymous_20)
FNDA:0,(anonymous_21)
DA:3,0
DA:4,0
DA:6,0
DA:7,0
DA:11,0
DA:12,0
DA:14,0
DA:19,0
DA:20,0
DA:24,0
DA:25,0
DA:27,0
DA:28,0
DA:30,0
DA:35,0
DA:36,0
DA:40,0
DA:41,0
DA:43,0
DA:48,0
DA:51,0
DA:52,0
DA:53,0
DA:54,0
DA:58,0
DA:59,0
DA:61,0
DA:66,0
DA:67,0
DA:68,0
DA:69,0
DA:71,0
DA:72,0
DA:73,0
DA:75,0
DA:79,0
DA:83,0
DA:87,0
DA:88,0
DA:90,0
DA:95,0
DA:96,0
DA:97,0
DA:98,0
DA:100,0
LF:45
LH:0
BRDA:11,0,0,0
BRDA:11,0,1,0
BRDA:24,1,0,0
BRDA:24,1,1,0
BRDA:27,2,0,0
BRDA:27,2,1,0
BRDA:40,3,0,0
BRDA:40,3,1,0
BRDA:58,4,0,0
BRDA:58,4,1,0
BRDA:68,5,0,0
BRDA:68,5,1,0
BRDA:72,6,0,0
BRDA:72,6,1,0
BRDA:87,7,0,0
BRDA:87,7,1,0
BRDA:97,8,0,0
BRDA:97,8,1,0
BRF:18
BRH:0
end_of_record
TN:
SF:src/routes/orders.router.ts
FNF:0
FNH:0
DA:1,0
DA:2,0
DA:4,0
DA:6,0
DA:7,0
DA:9,0
LF:6
LH:0
BRF:0
BRH:0
end_of_record
TN:
SF:src/routes/products.router.ts
FNF:0
FNH:0
DA:1,0
DA:2,0
DA:11,0
DA:13,0
DA:14,0
DA:15,0
DA:16,0
DA:17,0
DA:18,0
DA:20,0
LF:10
LH:0
BRF:0
BRH:0
end_of_record
TN:
SF:src/routes/user.router.ts
FNF:0
FNH:0
DA:1,0
DA:2,0
DA:4,0
DA:6,0
DA:8,0
LF:5
LH:0
BRF:0
BRH:0
end_of_record
TN:
SF:src/utils/auth.ts
FN:9,(anonymous_8)
FN:13,(anonymous_9)
FN:14,(anonymous_10)
FN:24,(anonymous_11)
FN:25,(anonymous_12)
FN:26,(anonymous_13)
FN:35,(anonymous_14)
FN:41,(anonymous_15)
FN:42,(anonymous_16)
FN:43,(anonymous_17)
FN:49,(anonymous_18)
FN:53,(anonymous_19)
FN:64,(anonymous_20)
FN:64,(anonymous_21)
FN:71,(anonymous_22)
FNF:15
FNH:0
FNDA:0,(anonymous_8)
FNDA:0,(anonymous_9)
FNDA:0,(anonymous_10)
FNDA:0,(anonymous_11)
FNDA:0,(anonymous_12)
FNDA:0,(anonymous_13)
FNDA:0,(anonymous_14)
FNDA:0,(anonymous_15)
FNDA:0,(anonymous_16)
FNDA:0,(anonymous_17)
FNDA:0,(anonymous_18)
FNDA:0,(anonymous_19)
FNDA:0,(anonymous_20)
FNDA:0,(anonymous_21)
FNDA:0,(anonymous_22)
DA:2,0
DA:3,0
DA:4,0
DA:5,0
DA:9,0
DA:13,0
DA:14,0
DA:15,0
DA:16,0
DA:19,0
DA:24,0
DA:25,0
DA:26,0
DA:27,0
DA:28,0
DA:30,0
DA:35,0
DA:36,0
DA:41,0
DA:42,0
DA:43,0
DA:44,0
DA:45,0
DA:49,0
DA:53,0
DA:54,0
DA:55,0
DA:57,0
DA:58,0
DA:59,0
DA:64,0
DA:65,0
DA:66,0
DA:70,0
DA:71,0
DA:72,0
DA:73,0
DA:74,0
DA:76,0
DA:77,0
LF:40
LH:0
BRDA:15,0,0,0
BRDA:15,0,1,0
BRDA:27,1,0,0
BRDA:27,1,1,0
BRDA:44,2,0,0
BRDA:44,2,1,0
BRDA:54,3,0,0
BRDA:54,3,1,0
BRDA:58,4,0,0
BRDA:58,4,1,0
BRDA:65,5,0,0
BRDA:65,5,1,0
BRDA:65,6,0,0
BRDA:65,6,1,0
BRF:14
BRH:0
end_of_record
